// ===================================================
// TRACE32 Python API Execution Log (Standalone Framework)
// Date: 2026-06-08 20:17:18
// Architecture: TRICORE
// Target Firmware: C:/ProjectCode/NDNC-LOCAL8155_R4-UQB26C-20260423-152_scc_debug/Output_GM_VCUPLUS_APP_TC397X_debug/GM_VCUPLUS_ND_withPP.s19
// ===================================================

CMD :: SYStem.RESet
CMD :: SYStem.DETECT CPU
CMD :: SYStem.CPU TC397XP
CMD :: SYStem.Up
CMD :: DO "~~/demo/tricore/hardware/triboard-tc3x7/tc397xp/disable_tlf35584.cmm"
CMD :: System.MemAccess CPU
CMD :: Break
CMD :: DO ~~/demo/tricore/flash/tc39x.cmm CPU=TC397XP PREPAREONLY
CMD :: Data.LOAD.auto "C:/ProjectCode/NDNC-LOCAL8155_R4-UQB26C-20260423-152_scc_debug/Output_GM_VCUPLUS_APP_TC397X_debug/GM_VCUPLUS_ND_withPP.s19" /DIFF /SingleLineAdjacent
CMD :: FLASH.ReProgram ALL
// WARN :: FLASH.ReProgram failed: no such FLASH device
CMD :: DO ~~/demo/tricore/flash/tc39x.cmm CPU=TC397XP
CMD :: FLASH.ReProgram ALL
CMD :: Data.LOAD.auto "C:/ProjectCode/NDNC-LOCAL8155_R4-UQB26C-20260423-152_scc_debug/Output_GM_VCUPLUS_APP_TC397X_debug/GM_VCUPLUS_ND_withPP.s19"
CMD :: FLASH.ReProgram OFF
CMD :: DO "C:/ProjectCode/Commmon_lautxx/laut-common/Tools/laut-tc3xx-VCUPLUS/ProgramUcbs.cmm" "1" "C:/ProjectCode/NDNC-LOCAL8155_R4-UQB26C-20260423-152_scc_debug/Output_GM_VCUPLUS_APP_TC397X_debug/GM_VCUPLUS_ND_withPP.s19" "C:/ProjectCode/Commmon_lautxx/laut-common/Tools/laut-tc3xx-VCUPLUS/tc3x7"
CMD :: SYStem.Option.RESETMODE PORST
CMD :: SYStem.RESetTarget
CMD :: SYStem.Up
CMD :: Data.LOAD.Elf "C:/ProjectCode/NDNC-LOCAL8155_R4-UQB26C-20260423-152_scc_debug/Output_GM_VCUPLUS_APP_TC397X_debug/GM_VCUPLUS.out" /NoCODE
CMD :: SYStem.Option DUALPORT ON
CMD :: Go
CMD :: QUIT
