// ===================================================
// TRACE32 Python API Execution Log (Standalone Framework)
// Date: 2026-06-10 15:31:44
// Architecture: TRICORE
// Target Firmware: C:/ProjectCode/VCUPlus/Build/Output_GM_VCUPLUS_APP_TC397X_debug/SoftwarePackets/Hex_Files/GM_VCUPLUS_ND_withPP.hex
// ===================================================

CMD :: SYStem.RESet
CMD :: SYStem.DETECT CPU
CMD :: SYStem.CPU TC397XP
CMD :: DO "C:/ProjectCode/Commmon_lautxx/laut-common/Tools/laut-tc3xx-VCUPLUS/tc3x7/TargetAutoDetect.cmm" CPU=TC397XP
// INFO :: demo flash script ~~/demo/tricore/flash/tc39x.cmm exists: False
// INFO :: Skipped redundant FLASH probe commands to match original tc39x.cmm
CMD :: SYStem.Mode.Down
CMD :: SYStem.CONFIG DEBUGPORTTYPE DAP2
// WARN :: SYStem.CONFIG DEBUGPORTTYPE failed: [WinError 10054] 远程主机强迫关闭了一个现有的连接。
CMD :: SYStem.JtagClock 30.MHz
// WARN :: SYStem.JtagClock failed: [WinError 10054] 远程主机强迫关闭了一个现有的连接。
CMD :: SYStem.Mode.Up
CMD :: System.MemAccess CPU
// WARN :: System.MemAccess failed: [WinError 10054] 远程主机强迫关闭了一个现有的连接。
CMD :: SYStem.Mode.Up
CMD :: FLASH.ReProgram ALL

// ERROR :: 脚本异常终止: [WinError 10054] 远程主机强迫关闭了一个现有的连接。
