// ===================================================
// TRACE32 Python API Execution Log (Standalone Framework)
// Date: 2026-06-10 21:06:24
// Architecture: TRICORE
// Target Firmware: C:/ProjectCode/NDNC-LOCAL8155_R4-UQB26C-20260423-152_scc_debug/Output_GM_VCUPLUS_APP_TC397X_debug/GM_VCUPLUS_ND_withPP.s19
// Firmware Version: [APP] | ID=0x01C9C380 | Version=""MAA.RRR.S.BB""
// ===================================================

CMD :: SYStem.RESet
CMD :: SYStem.DETECT CPU
CMD :: SYStem.CPU TC397XP
CMD :: DO "C:/ProjectCode/Commmon_lautxx/laut-common/Tools/laut-tc3xx-VCUPLUS/tc3x7/TargetAutoDetect.cmm" CPU=TC397XP
// INFO :: demo flash script ~~/demo/tricore/flash/tc39x.cmm exists: True
CMD :: DO "~~/demo/tricore/flash/tc39x.cmm" CPU=TC397XP PREPAREONLY
// INFO :: Skipped redundant FLASH probe commands to match original tc39x.cmm
CMD :: SYStem.Mode.Down
CMD :: SYStem.CONFIG DEBUGPORTTYPE DAP2
CMD :: SYStem.JtagClock 30.MHz
CMD :: SYStem.Mode.Up
CMD :: System.MemAccess CPU
CMD :: Data.LOAD.auto "C:/ProjectCode/NDNC-LOCAL8155_R4-UQB26C-20260423-152_scc_debug/Output_GM_VCUPLUS_APP_TC397X_debug/GM_VCUPLUS_ND_withPP.s19" /DIFF /SingleLineAdjacent
CMD :: SYStem.Option.RESETMODE PORST
CMD :: SYStem.RESetTarget
CMD :: SYStem.Up
CMD :: AREA.SAVE A000 "C:/Users/UZE6SZH/AppData/Local/Temp/t32_area_A000_after_reset_1781096799.txt"
// AREA RAW [after_reset] (AREA.SAVE method)
// AREA DUMP [after_reset] start
// AREA [A000] content:
\ucbAddr[35]="0xAF405600" = (0, 0, 0, 0, 0, 0, 0, 0, 0, 0, 0, 0, 0, 0, 0, 0, 0, 0, 0, 0, 0, 0, 0, 0, 0, 0, 0, 0, 0, 0, 0, 0, 0, 0, 0, 0, 0, 0, 0, 0, 0, 0, 0, 0, 0, 0, 0, 0, 0, 0, 0, 0, 0, 0, 0, 0, 0, 0, 0, 0, 0, 0, 0, 0, 0, 0, 0, 0, 0, 0, 0, 0, 0, 0, 0, 0, 0, 0, 0, 0, 0, 0, 0, 0, 0, 0, 0, 0, 0, 0, 0, 0, 0, 0, 0, 0, 0, 0, 0, 0)
\ucbFlashConfirmStatusReg[35]="0xF8040028" = (0, 0, 0, 0, 0, 0, 0, 0, 0, 0, 0, 0, 0, 0, 0, 0, 0, 0, 0, 0, 0, 0, 0, 0, 0, 0, 0, 0, 0, 0, 0, 0, 0, 0, 0, 0, 0, 0, 0, 0, 0, 0, 0, 0, 0, 0, 0, 0, 0, 0, 0, 0, 0, 0, 0, 0, 0, 0, 0, 0, 0, 0, 0, 0, 0, 0, 0, 0, 0, 0, 0, 0, 0, 0, 0, 0, 0, 0, 0, 0, 0, 0, 0, 0, 0, 0, 0, 0, 0, 0, 0, 0, 0, 0, 0, 0, 0, 0, 0, 0)
\ucbConfirmMask[35]="0x00800080" = (0, 0, 0, 0, 0, 0, 0, 0, 0, 0, 0, 0, 0, 0, 0, 0, 0, 0, 0, 0, 0, 0, 0, 0, 0, 0, 0, 0, 0, 0, 0, 0, 0, 0, 0, 0, 0, 0, 0, 0, 0, 0, 0, 0, 0, 0, 0, 0, 0, 0, 0, 0, 0, 0, 0, 0, 0, 0, 0, 0, 0, 0, 0, 0, 0, 0, 0, 0, 0, 0, 0, 0, 0, 0, 0, 0, 0, 0, 0, 0, 0, 0, 0, 0, 0, 0, 0, 0, 0, 0, 0, 0, 0, 0, 0, 0, 0, 0, 0, 0)
\ucbName[36]="OTP4_COPY" = (0, 0, 0, 0, 0, 0, 0, 0, 0, 0, 0, 0, 0, 0, 0, 0, 0, 0, 0, 0, 0, 0, 0, 0, 0, 0, 0, 0, 0, 0, 0, 0, 0, 0, 0, 0, 0, 0, 0, 0, 0, 0, 0, 0, 0, 0, 0, 0, 0, 0, 0, 0, 0, 0, 0, 0, 0, 0, 0, 0, 0, 0, 0, 0, 0, 0, 0, 0, 0, 0, 0, 0, 0, 0, 0, 0, 0, 0, 0, 0, 0, 0, 0, 0, 0, 0, 0, 0, 0, 0, 0, 0, 0, 0, 0, 0, 0, 0, 0, 0)
\ucbAddr[36]="0xAF405800" = (0, 0, 0, 0, 0, 0, 0, 0, 0, 0, 0, 0, 0, 0, 0, 0, 0, 0, 0, 0, 0, 0, 0, 0, 0, 0, 0, 0, 0, 0, 0, 0, 0, 0, 0, 0, 0, 0, 0, 0, 0, 0, 0, 0, 0, 0, 0, 0, 0, 0, 0, 0, 0, 0, 0, 0, 0, 0, 0, 0, 0, 0, 0, 0, 0, 0, 0, 0, 0, 0, 0, 0, 0, 0, 0, 0, 0, 0, 0, 0, 0, 0, 0, 0, 0, 0, 0, 0, 0, 0, 0, 0, 0, 0, 0, 0, 0, 0, 0, 0)
\ucbFlashConfirmStatusReg[36]="0xF8040028" = (0, 0, 0, 0, 0, 0, 0, 0, 0, 0, 0, 0, 0, 0, 0, 0, 0, 0, 0, 0, 0, 0, 0, 0, 0, 0, 0, 0, 0, 0, 0, 0, 0, 0, 0, 0, 0, 0, 0, 0, 0, 0, 0, 0, 0, 0, 0, 0, 0, 0, 0, 0, 0, 0, 0, 0, 0, 0, 0, 0, 0, 0, 0, 0, 0, 0, 0, 0, 0, 0, 0, 0, 0, 0, 0, 0, 0, 0, 0, 0, 0, 0, 0, 0, 0, 0, 0, 0, 0, 0, 0, 0, 0, 0, 0, 0, 0, 0, 0, 0)
\ucbConfirmMask[36]="0x02000200" = (0, 0, 0, 0, 0, 0, 0, 0, 0, 0, 0, 0, 0, 0, 0, 0, 0, 0, 0, 0, 0, 0, 0, 0, 0, 0, 0, 0, 0, 0, 0, 0, 0, 0, 0, 0, 0, 0, 0, 0, 0, 0, 0, 0, 0, 0, 0, 0, 0, 0, 0, 0, 0, 0, 0, 0, 0, 0, 0, 0, 0, 0, 0, 0, 0, 0, 0, 0, 0, 0, 0, 0, 0, 0, 0, 0, 0, 0, 0, 0, 0, 0, 0, 0, 0, 0, 0, 0, 0, 0, 0, 0, 0, 0, 0, 0, 0, 0, 0, 0)
\ucbName[37]="OTP5_COPY" = (0, 0, 0, 0, 0, 0, 0, 0, 0, 0, 0, 0, 0, 0, 0, 0, 0, 0, 0, 0, 0, 0, 0, 0, 0, 0, 0, 0, 0, 0, 0, 0, 0, 0, 0, 0, 0, 0, 0, 0, 0, 0, 0, 0, 0, 0, 0, 0, 0, 0, 0, 0, 0, 0, 0, 0, 0, 0, 0, 0, 0, 0, 0, 0, 0, 0, 0, 0, 0, 0, 0, 0, 0, 0, 0, 0, 0, 0, 0, 0, 0, 0, 0, 0, 0, 0, 0, 0, 0, 0, 0, 0, 0, 0, 0, 0, 0, 0, 0, 0)
\ucbAddr[37]="0xAF405A00" = (0, 0, 0, 0, 0, 0, 0, 0, 0, 0, 0, 0, 0, 0, 0, 0, 0, 0, 0, 0, 0, 0, 0, 0, 0, 0, 0, 0, 0, 0, 0, 0, 0, 0, 0, 0, 0, 0, 0, 0, 0, 0, 0, 0, 0, 0, 0, 0, 0, 0, 0, 0, 0, 0, 0, 0, 0, 0, 0, 0, 0, 0, 0, 0, 0, 0, 0, 0, 0, 0, 0, 0, 0, 0, 0, 0, 0, 0, 0, 0, 0, 0, 0, 0, 0, 0, 0, 0, 0, 0, 0, 0, 0, 0, 0, 0, 0, 0, 0, 0)
\ucbFlashConfirmStatusReg[37]="0xF8040028" = (0, 0, 0, 0, 0, 0, 0, 0, 0, 0, 0, 0, 0, 0, 0, 0, 0, 0, 0, 0, 0, 0, 0, 0, 0, 0, 0, 0, 0, 0, 0, 0, 0, 0, 0, 0, 0, 0, 0, 0, 0, 0, 0, 0, 0, 0, 0, 0, 0, 0, 0, 0, 0, 0, 0, 0, 0, 0, 0, 0, 0, 0, 0, 0, 0, 0, 0, 0, 0, 0, 0, 0, 0, 0, 0, 0, 0, 0, 0, 0, 0, 0, 0, 0, 0, 0, 0, 0, 0, 0, 0, 0, 0, 0, 0, 0, 0, 0, 0, 0)
\ucbConfirmMask[37]="0x08000800" = (0, 0, 0, 0, 0, 0, 0, 0, 0, 0, 0, 0, 0, 0, 0, 0, 0, 0, 0, 0, 0, 0, 0, 0, 0, 0, 0, 0, 0, 0, 0, 0, 0, 0, 0, 0, 0, 0, 0, 0, 0, 0, 0, 0, 0, 0, 0, 0, 0, 0, 0, 0, 0, 0, 0, 0, 0, 0, 0, 0, 0, 0, 0, 0, 0, 0, 0, 0, 0, 0, 0, 0, 0, 0, 0, 0, 0, 0, 0, 0, 0, 0, 0, 0, 0, 0, 0, 0, 0, 0, 0, 0, 0, 0, 0, 0, 0, 0, 0, 0)
\ucbName[38]="OTP6_COPY" = (0, 0, 0, 0, 0, 0, 0, 0, 0, 0, 0, 0, 0, 0, 0, 0, 0, 0, 0, 0, 0, 0, 0, 0, 0, 0, 0, 0, 0, 0, 0, 0, 0, 0, 0, 0, 0, 0, 0, 0, 0, 0, 0, 0, 0, 0, 0, 0, 0, 0, 0, 0, 0, 0, 0, 0, 0, 0, 0, 0, 0, 0, 0, 0, 0, 0, 0, 0, 0, 0, 0, 0, 0, 0, 0, 0, 0, 0, 0, 0, 0, 0, 0, 0, 0, 0, 0, 0, 0, 0, 0, 0, 0, 0, 0, 0, 0, 0, 0, 0)
\ucbAddr[38]="0xAF405C00" = (0, 0, 0, 0, 0, 0, 0, 0, 0, 0, 0, 0, 0, 0, 0, 0, 0, 0, 0, 0, 0, 0, 0, 0, 0, 0, 0, 0, 0, 0, 0, 0, 0, 0, 0, 0, 0, 0, 0, 0, 0, 0, 0, 0, 0, 0, 0, 0, 0, 0, 0, 0, 0, 0, 0, 0, 0, 0, 0, 0, 0, 0, 0, 0, 0, 0, 0, 0, 0, 0, 0, 0, 0, 0, 0, 0, 0, 0, 0, 0, 0, 0, 0, 0, 0, 0, 0, 0, 0, 0, 0, 0, 0, 0, 0, 0, 0, 0, 0, 0)
\ucbFlashConfirmStatusReg[38]="0xF8040028" = (0, 0, 0, 0, 0, 0, 0, 0, 0, 0, 0, 0, 0, 0, 0, 0, 0, 0, 0, 0, 0, 0, 0, 0, 0, 0, 0, 0, 0, 0, 0, 0, 0, 0, 0, 0, 0, 0, 0, 0, 0, 0, 0, 0, 0, 0, 0, 0, 0, 0, 0, 0, 0, 0, 0, 0, 0, 0, 0, 0, 0, 0, 0, 0, 0, 0, 0, 0, 0, 0, 0, 0, 0, 0, 0, 0, 0, 0, 0, 0, 0, 0, 0, 0, 0, 0, 0, 0, 0, 0, 0, 0, 0, 0, 0, 0, 0, 0, 0, 0)
\ucbConfirmMask[38]="0x20002000" = (0, 0, 0, 0, 0, 0, 0, 0, 0, 0, 0, 0, 0, 0, 0, 0, 0, 0, 0, 0, 0, 0, 0, 0, 0, 0, 0, 0, 0, 0, 0, 0, 0, 0, 0, 0, 0, 0, 0, 0, 0, 0, 0, 0, 0, 0, 0, 0, 0, 0, 0, 0, 0, 0, 0, 0, 0, 0, 0, 0, 0, 0, 0, 0, 0, 0, 0, 0, 0, 0, 0, 0, 0, 0, 0, 0, 0, 0, 0, 0, 0, 0, 0, 0, 0, 0, 0, 0, 0, 0, 0, 0, 0, 0, 0, 0, 0, 0, 0, 0)
\ucbName[39]="OTP7_COPY" = (0, 0, 0, 0, 0, 0, 0, 0, 0, 0, 0, 0, 0, 0, 0, 0, 0, 0, 0, 0, 0, 0, 0, 0, 0, 0, 0, 0, 0, 0, 0, 0, 0, 0, 0, 0, 0, 0, 0, 0, 0, 0, 0, 0, 0, 0, 0, 0, 0, 0, 0, 0, 0, 0, 0, 0, 0, 0, 0, 0, 0, 0, 0, 0, 0, 0, 0, 0, 0, 0, 0, 0, 0, 0, 0, 0, 0, 0, 0, 0, 0, 0, 0, 0, 0, 0, 0, 0, 0, 0, 0, 0, 0, 0, 0, 0, 0, 0, 0, 0)
\ucbAddr[39]="0xAF405E00" = (0, 0, 0, 0, 0, 0, 0, 0, 0, 0, 0, 0, 0, 0, 0, 0, 0, 0, 0, 0, 0, 0, 0, 0, 0, 0, 0, 0, 0, 0, 0, 0, 0, 0, 0, 0, 0, 0, 0, 0, 0, 0, 0, 0, 0, 0, 0, 0, 0, 0, 0, 0, 0, 0, 0, 0, 0, 0, 0, 0, 0, 0, 0, 0, 0, 0, 0, 0, 0, 0, 0, 0, 0, 0, 0, 0, 0, 0, 0, 0, 0, 0, 0, 0, 0, 0, 0, 0, 0, 0, 0, 0, 0, 0, 0, 0, 0, 0, 0, 0)
\ucbFlashConfirmStatusReg[39]="0xF8040028" = (0, 0, 0, 0, 0, 0, 0, 0, 0, 0, 0, 0, 0, 0, 0, 0, 0, 0, 0, 0, 0, 0, 0, 0, 0, 0, 0, 0, 0, 0, 0, 0, 0, 0, 0, 0, 0, 0, 0, 0, 0, 0, 0, 0, 0, 0, 0, 0, 0, 0, 0, 0, 0, 0, 0, 0, 0, 0, 0, 0, 0, 0, 0, 0, 0, 0, 0, 0, 0, 0, 0, 0, 0, 0, 0, 0, 0, 0, 0, 0, 0, 0, 0, 0, 0, 0, 0, 0, 0, 0, 0, 0, 0, 0, 0, 0, 0, 0, 0, 0)
\ucbConfirmMask[39]="0x80008000" = (0, 0, 0, 0, 0, 0, 0, 0, 0, 0, 0, 0, 0, 0, 0, 0, 0, 0, 0, 0, 0, 0, 0, 0, 0, 0, 0, 0, 0, 0, 0, 0, 0, 0, 0, 0, 0, 0, 0, 0, 0, 0, 0, 0, 0, 0, 0, 0, 0, 0, 0, 0, 0, 0, 0, 0, 0, 0, 0, 0, 0, 0, 0, 0, 0, 0, 0, 0, 0, 0, 0, 0, 0, 0, 0, 0, 0, 0, 0, 0, 0, 0, 0, 0, 0, 0, 0, 0, 0, 0, 0, 0, 0, 0, 0, 0, 0, 0, 0, 0)
loading S3Record
file 'C:\ProjectCode\NDNC-LOCAL8155_R4-UQB26C-20260423-152_scc_debug\Output_GM_VCUPLUS_APP_TC397X_debug\GM_VCUPLUS_ND_withPP.s19' (S3Record) loaded. 15097792 bytes dropped.
loading S3Record
file 'C:\ProjectCode\NDNC-LOCAL8155_R4-UQB26C-20260423-152_scc_debug\Output_GM_VCUPLUS_APP_TC397X_debug\GM_VCUPLUS_ND_withPP.s19' (S3Record) loaded. 15097792 bytes dropped.
loading S3Record
file 'C:\ProjectCode\NDNC-LOCAL8155_R4-UQB26C-20260423-152_scc_debug\Output_GM_VCUPLUS_APP_TC397X_debug\GM_VCUPLUS_ND_withPP.s19' (S3Record) loaded. 15097792 bytes dropped.
loading S3Record
file 'C:\ProjectCode\NDNC-LOCAL8155_R4-UQB26C-20260423-152_scc_debug\Output_GM_VCUPLUS_APP_TC397X_debug\GM_VCUPLUS_ND_withPP.s19' (S3Record) loaded. 15097792 bytes dropped.
loading S3Record
file 'C:\ProjectCode\NDNC-LOCAL8155_R4-UQB26C-20260423-152_scc_debug\Output_GM_VCUPLUS_APP_TC397X_debug\GM_VCUPLUS_ND_withPP.s19' (S3Record) loaded. 15097792 bytes dropped.
loading S3Record
file 'C:\ProjectCode\NDNC-LOCAL8155_R4-UQB26C-20260423-152_scc_debug\Output_GM_VCUPLUS_APP_TC397X_debug\GM_VCUPLUS_ND_withPP.s19' (S3Record) loaded. 15097792 bytes dropped.
loading S3Record
file 'C:\ProjectCode\NDNC-LOCAL8155_R4-UQB26C-20260423-152_scc_debug\Output_GM_VCUPLUS_APP_TC397X_debug\GM_VCUPLUS_ND_withPP.s19' (S3Record) loaded. 15097792 bytes dropped.
loading S3Record
file 'C:\ProjectCode\NDNC-LOCAL8155_R4-UQB26C-20260423-152_scc_debug\Output_GM_VCUPLUS_APP_TC397X_debug\GM_VCUPLUS_ND_withPP.s19' (S3Record) loaded. 15097792 bytes dropped.
loading S3Record
file 'C:\ProjectCode\NDNC-LOCAL8155_R4-UQB26C-20260423-152_scc_debug\Output_GM_VCUPLUS_APP_TC397X_debug\GM_VCUPLUS_ND_withPP.s19' (S3Record) loaded. 15097792 bytes dropped.
loading S3Record
file 'C:\ProjectCode\NDNC-LOCAL8155_R4-UQB26C-20260423-152_scc_debug\Output_GM_VCUPLUS_APP_TC397X_debug\GM_VCUPLUS_ND_withPP.s19' (S3Record) loaded. 15097792 bytes dropped.
loading S3Record
file 'C:\ProjectCode\NDNC-LOCAL8155_R4-UQB26C-20260423-152_scc_debug\Output_GM_VCUPLUS_APP_TC397X_debug\GM_VCUPLUS_ND_withPP.s19' (S3Record) loaded. 15097792 bytes dropped.
loading S3Record
file 'C:\ProjectCode\NDNC-LOCAL8155_R4-UQB26C-20260423-152_scc_debug\Output_GM_VCUPLUS_APP_TC397X_debug\GM_VCUPLUS_ND_withPP.s19' (S3Record) loaded. 15097792 bytes dropped.
loading S3Record
file 'C:\ProjectCode\NDNC-LOCAL8155_R4-UQB26C-20260423-152_scc_debug\Output_GM_VCUPLUS_APP_TC397X_debug\GM_VCUPLUS_ND_withPP.s19' (S3Record) loaded. 15097792 bytes dropped.
loading S3Record
file 'C:\ProjectCode\NDNC-LOCAL8155_R4-UQB26C-20260423-152_scc_debug\Output_GM_VCUPLUS_APP_TC397X_debug\GM_VCUPLUS_ND_withPP.s19' (S3Record) loaded. 15097792 bytes dropped.
loading S3Record
file 'C:\ProjectCode\NDNC-LOCAL8155_R4-UQB26C-20260423-152_scc_debug\Output_GM_VCUPLUS_APP_TC397X_debug\GM_VCUPLUS_ND_withPP.s19' (S3Record) loaded. 15097792 bytes dropped.
loading S3Record
file 'C:\ProjectCode\NDNC-LOCAL8155_R4-UQB26C-20260423-152_scc_debug\Output_GM_VCUPLUS_APP_TC397X_debug\GM_VCUPLUS_ND_withPP.s19' (S3Record) loaded. 15097792 bytes dropped.
loading S3Record
file 'C:\ProjectCode\NDNC-LOCAL8155_R4-UQB26C-20260423-152_scc_debug\Output_GM_VCUPLUS_APP_TC397X_debug\GM_VCUPLUS_ND_withPP.s19' (S3Record) loaded. 15097792 bytes dropped.
loading S3Record
file 'C:\ProjectCode\NDNC-LOCAL8155_R4-UQB26C-20260423-152_scc_debug\Output_GM_VCUPLUS_APP_TC397X_debug\GM_VCUPLUS_ND_withPP.s19' (S3Record) loaded. 15097792 bytes dropped.
loading S3Record
file 'C:\ProjectCode\NDNC-LOCAL8155_R4-UQB26C-20260423-152_scc_debug\Output_GM_VCUPLUS_APP_TC397X_debug\GM_VCUPLUS_ND_withPP.s19' (S3Record) loaded. 15097792 bytes dropped.
loading S3Record
file 'C:\ProjectCode\NDNC-LOCAL8155_R4-UQB26C-20260423-152_scc_debug\Output_GM_VCUPLUS_APP_TC397X_debug\GM_VCUPLUS_ND_withPP.s19' (S3Record) loaded. 15097792 bytes dropped.
loading S3Record
file 'C:\ProjectCode\NDNC-LOCAL8155_R4-UQB26C-20260423-152_scc_debug\Output_GM_VCUPLUS_APP_TC397X_debug\GM_VCUPLUS_ND_withPP.s19' (S3Record) loaded. 15097792 bytes dropped.
loading S3Record
file 'C:\ProjectCode\NDNC-LOCAL8155_R4-UQB26C-20260423-152_scc_debug\Output_GM_VCUPLUS_APP_TC397X_debug\GM_VCUPLUS_ND_withPP.s19' (S3Record) loaded. 15097792 bytes dropped.
loading S3Record
file 'C:\ProjectCode\NDNC-LOCAL8155_R4-UQB26C-20260423-152_scc_debug\Output_GM_VCUPLUS_APP_TC397X_debug\GM_VCUPLUS_ND_withPP.s19' (S3Record) loaded. 15097792 bytes dropped.
loading S3Record
file 'C:\ProjectCode\NDNC-LOCAL8155_R4-UQB26C-20260423-152_scc_debug\Output_GM_VCUPLUS_APP_TC397X_debug\GM_VCUPLUS_ND_withPP.s19' (S3Record) loaded. 15097792 bytes dropped.
loading S3Record
file 'C:\ProjectCode\NDNC-LOCAL8155_R4-UQB26C-20260423-152_scc_debug\Output_GM_VCUPLUS_APP_TC397X_debug\GM_VCUPLUS_ND_withPP.s19' (S3Record) loaded. 15097792 bytes dropped.
loading S3Record
file 'C:\ProjectCode\NDNC-LOCAL8155_R4-UQB26C-20260423-152_scc_debug\Output_GM_VCUPLUS_APP_TC397X_debug\GM_VCUPLUS_ND_withPP.s19' (S3Record) loaded. 15097792 bytes dropped.
loading S3Record
file 'C:\ProjectCode\NDNC-LOCAL8155_R4-UQB26C-20260423-152_scc_debug\Output_GM_VCUPLUS_APP_TC397X_debug\GM_VCUPLUS_ND_withPP.s19' (S3Record) loaded. 15097792 bytes dropped.
loading S3Record
file 'C:\ProjectCode\NDNC-LOCAL8155_R4-UQB26C-20260423-152_scc_debug\Output_GM_VCUPLUS_APP_TC397X_debug\GM_VCUPLUS_ND_withPP.s19' (S3Record) loaded. 15097792 bytes dropped.
loading S3Record
file 'C:\ProjectCode\NDNC-LOCAL8155_R4-UQB26C-20260423-152_scc_debug\Output_GM_VCUPLUS_APP_TC397X_debug\GM_VCUPLUS_ND_withPP.s19' (S3Record) loaded. 15097792 bytes dropped.
loading S3Record
file 'C:\ProjectCode\NDNC-LOCAL8155_R4-UQB26C-20260423-152_scc_debug\Output_GM_VCUPLUS_APP_TC397X_debug\GM_VCUPLUS_ND_withPP.s19' (S3Record) loaded. 15097792 bytes dropped.
loading S3Record
file 'C:\ProjectCode\NDNC-LOCAL8155_R4-UQB26C-20260423-152_scc_debug\Output_GM_VCUPLUS_APP_TC397X_debug\GM_VCUPLUS_ND_withPP.s19' (S3Record) loaded. 15097792 bytes dropped.
loading S3Record
file 'C:\ProjectCode\NDNC-LOCAL8155_R4-UQB26C-20260423-152_scc_debug\Output_GM_VCUPLUS_APP_TC397X_debug\GM_VCUPLUS_ND_withPP.s19' (S3Record) loaded. 15097792 bytes dropped.
loading S3Record
file 'C:\ProjectCode\NDNC-LOCAL8155_R4-UQB26C-20260423-152_scc_debug\Output_GM_VCUPLUS_APP_TC397X_debug\GM_VCUPLUS_ND_withPP.s19' (S3Record) loaded. 15097792 bytes dropped.
loading S3Record
file 'C:\ProjectCode\NDNC-LOCAL8155_R4-UQB26C-20260423-152_scc_debug\Output_GM_VCUPLUS_APP_TC397X_debug\GM_VCUPLUS_ND_withPP.s19' (S3Record) loaded. 15097792 bytes dropped.
loading S3Record
file 'C:\ProjectCode\NDNC-LOCAL8155_R4-UQB26C-20260423-152_scc_debug\Output_GM_VCUPLUS_APP_TC397X_debug\GM_VCUPLUS_ND_withPP.s19' (S3Record) loaded. 15097792 bytes dropped.
loading S3Record
file 'C:\ProjectCode\NDNC-LOCAL8155_R4-UQB26C-20260423-152_scc_debug\Output_GM_VCUPLUS_APP_TC397X_debug\GM_VCUPLUS_ND_withPP.s19' (S3Record) loaded. 15097792 bytes dropped.
loading S3Record
file 'C:\ProjectCode\NDNC-LOCAL8155_R4-UQB26C-20260423-152_scc_debug\Output_GM_VCUPLUS_APP_TC397X_debug\GM_VCUPLUS_ND_withPP.s19' (S3Record) loaded. 15097792 bytes dropped.
loading S3Record
file 'C:\ProjectCode\NDNC-LOCAL8155_R4-UQB26C-20260423-152_scc_debug\Output_GM_VCUPLUS_APP_TC397X_debug\GM_VCUPLUS_ND_withPP.s19' (S3Record) loaded. 15097792 bytes dropped.
loading S3Record
file 'C:\ProjectCode\NDNC-LOCAL8155_R4-UQB26C-20260423-152_scc_debug\Output_GM_VCUPLUS_APP_TC397X_debug\GM_VCUPLUS_ND_withPP.s19' (S3Record) loaded. 15097792 bytes dropped.
loading S3Record
file 'C:\ProjectCode\NDNC-LOCAL8155_R4-UQB26C-20260423-152_scc_debug\Output_GM_VCUPLUS_APP_TC397X_debug\GM_VCUPLUS_ND_withPP.s19' (S3Record) loaded. 15097792 bytes dropped.
target power fail
target reset
file 'C:\ProjectCode\NDNC-LOCAL8155_R4-UQB26C-20260423-152_scc_debug\Output_GM_VCUPLUS_APP_TC397X_debug\GM_VCUPLUS.out' (ELF/DWARF2) loaded.
target reset detected
Warning: soft reset detected
reset source: bus reset
TC399X detected
no port sharing detected: nBGRANT asserted although nBREQ is released
TC397XP detected
no port sharing detected: nBGRANT asserted although nBREQ is released
Core did not leave boot ROM
TC399X detected
no port sharing detected: nBGRANT asserted although nBREQ is released
TC397XP detected
no port sharing detected: nBGRANT asserted although nBREQ is released
Core did not leave boot ROM
Identified CPU = TC397XP with 6. cores
loading S3Record
file 'C:\ProjectCode\NDNC-LOCAL8155_R4-UQB26C-20260423-152_scc_debug\Output_GM_VCUPLUS_APP_TC397X_debug\GM_VCUPLUS_ND_withPP.s19' (S3Record) loaded.
target reset

// AREA DUMP [after_reset] end
CMD :: Data.LOAD.Elf "C:/ProjectCode/NDNC-LOCAL8155_R4-UQB26C-20260423-152_scc_debug/Output_GM_VCUPLUS_APP_TC397X_debug/GM_VCUPLUS.out" /NoCODE
CMD :: SYStem.Option DUALPORT ON
CMD :: Go
// INFO :: Stability monitoring started, duration=180s
// STABILITY :: initial check -> RUNNING
// STABILITY :: OK second=1 RUN=True
// STABILITY :: OK second=2 RUN=True
