// ===================================================
// TRACE32 Python API Execution Log (Standalone Framework)
// Date: 2026-06-11 20:54:11
// Architecture: TRICORE
// Target Firmware: C:/ProjectCode/NDNC-LOCAL8155_R4-UQB26C-20260423-152_scc_debug/Output_GM_VCUPLUS_APP_TC397X_debug/GM_VCUPLUS_ND_withPP.s19
// Project: VCUPLUS
// Firmware Version: [APP] | ID=0x01C9C380 | Version=""MAA.RRR.S.BB""
// ===================================================

CMD :: SYStem.RESet
CMD :: SYStem.DETECT CPU
CMD :: SYStem.CPU TC397XP
CMD :: DO "C:/ProjectCode/Commmon_lautxx/laut-common/Tools/laut-tc3xx-VCUPLUS/tc3x7/TargetAutoDetect.cmm" CPU=TC397XP
// INFO :: demo flash script ~~/demo/tricore/flash/tc39x.cmm exists: True
CMD :: DO "~~/demo/tricore/flash/tc39x.cmm" CPU=TC397XP PREPAREONLY
// INFO :: Skipped redundant FLASH probe commands to match original tc39x.cmm
CMD :: SYStem.Mode.Down
CMD :: SYStem.CONFIG DEBUGPORTTYPE DAP2
CMD :: SYStem.JtagClock 30.MHz
CMD :: SYStem.Mode.Up
CMD :: System.MemAccess CPU
CMD :: Data.SAVE.Binary "C:/Users/UZE6SZH/AppData/Local/Temp/t32_chip_dump_e9dbb021.bin" 0x8011449C++0x44
CMD :: Data.SAVE.Binary "C:/Users/UZE6SZH/AppData/Local/Temp/t32_chip_dump_99a9ea0b.bin" EBM:0x8011449C++0x44
CMD :: Data.SAVE.Binary "C:/Users/UZE6SZH/AppData/Local/Temp/t32_chip_dump_756e880c.bin" ED:0x8011449C++0x44
CMD :: Data.SAVE.Binary "C:/Users/UZE6SZH/AppData/Local/Temp/t32_chip_dump_11198aa8.bin" 0xA011449C++0x44
CMD :: Data.SAVE.Binary "C:/Users/UZE6SZH/AppData/Local/Temp/t32_chip_dump_c6b78ab4.bin" EBM:0xA011449C++0x44
CMD :: Data.SAVE.Binary "C:/Users/UZE6SZH/AppData/Local/Temp/t32_chip_dump_55b97bcd.bin" ED:0xA011449C++0x44
CMD :: Data.SAVE.Binary "C:/Users/UZE6SZH/AppData/Local/Temp/t32_chip_dump_e27736d1.bin" 0x801144A0++0x44
CMD :: Data.SAVE.Binary "C:/Users/UZE6SZH/AppData/Local/Temp/t32_chip_dump_98126aab.bin" EBM:0x801144A0++0x44
CMD :: Data.SAVE.Binary "C:/Users/UZE6SZH/AppData/Local/Temp/t32_chip_dump_7994ad82.bin" ED:0x801144A0++0x44
CMD :: Data.SAVE.Binary "C:/Users/UZE6SZH/AppData/Local/Temp/t32_chip_dump_a5888331.bin" 0xA01144A0++0x44
CMD :: Data.SAVE.Binary "C:/Users/UZE6SZH/AppData/Local/Temp/t32_chip_dump_2635c0eb.bin" EBM:0xA01144A0++0x44
CMD :: Data.SAVE.Binary "C:/Users/UZE6SZH/AppData/Local/Temp/t32_chip_dump_b024ca36.bin" ED:0xA01144A0++0x44
CMD :: Data.LOAD.auto "C:/ProjectCode/NDNC-LOCAL8155_R4-UQB26C-20260423-152_scc_debug/Output_GM_VCUPLUS_APP_TC397X_debug/GM_VCUPLUS_ND_withPP.s19" /DIFF /SingleLineAdjacent
CMD :: SYStem.Option.RESETMODE PORST
CMD :: SYStem.RESetTarget
CMD :: SYStem.Up
