// TRACE32 Python API Execution Log
// Date: 2026-06-04 16:52:01
// Architecture: TRICORE
// Target Firmware: C:\ProjectCode\VCUPlus\Build\Output_GM_VCUPLUS_BL_TC397X_debug\SoftwarePackets\Hex_Files\GM_IDC_VCUPLUS_BL_WithPP.hex
// ===================================================

// CMD :: SYStem.RESet
// CMD :: SYStem.DETECT CPU
// READ:: SYStem.CPU()  --->  Result: TC397XP
// CMD :: SYStem.Up
// CMD :: DO ~~/demo/tricore/flash/TC39x.cmm CPU=TC397XP PREPAREONLY
// CMD :: FLASH.ReProgram ALL
// CMD :: Data.LOAD.auto C:\ProjectCode\VCUPlus\Build\Output_GM_VCUPLUS_BL_TC397X_debug\SoftwarePackets\Hex_Files\GM_IDC_VCUPLUS_BL_WithPP.hex
// CMD :: FLASH.ReProgram OFF
// CMD :: SYStem.Down
// CMD :: SYStem.Up
// CMD :: Data.LOAD.Elf C:\ProjectCode\VCUPlus\Build\Output_GM_VCUPLUS_BL_TC397X_debug\SoftwarePackets\Hex_Files\GM_IDC_VCUPLUS_BL.out /NoCODE
// CMD :: Go
// READ:: STATE.RUN()  --->  Result: True
// READ:: STATE.RUN()  --->  Result: True
// READ:: STATE.RUN()  --->  Result: True
// READ:: STATE.RUN()  --->  Result: True
// READ:: STATE.RUN()  --->  Result: True
// READ:: STATE.RUN()  --->  Result: True
// READ:: STATE.RUN()  --->  Result: True
// READ:: STATE.RUN()  --->  Result: True
// READ:: STATE.RUN()  --->  Result: True
// READ:: STATE.RUN()  --->  Result: True
// READ:: STATE.RUN()  --->  Result: True
// CMD :: Break
// READ:: Register(PC)  --->  Result: 2152019268
// CMD :: Go
// READ:: STATE.RUN()  --->  Result: True
// READ:: STATE.RUN()  --->  Result: True
// READ:: STATE.RUN()  --->  Result: True
// READ:: STATE.RUN()  --->  Result: True
// READ:: STATE.RUN()  --->  Result: True
// READ:: STATE.RUN()  --->  Result: True
// READ:: STATE.RUN()  --->  Result: True
// READ:: STATE.RUN()  --->  Result: True
// READ:: STATE.RUN()  --->  Result: True
// READ:: STATE.RUN()  --->  Result: True
// CMD :: Break
// READ:: Register(PC)  --->  Result: 2152050134
// CMD :: Go
// READ:: STATE.RUN()  --->  Result: True
// READ:: STATE.RUN()  --->  Result: True
// READ:: STATE.RUN()  --->  Result: True
// READ:: STATE.RUN()  --->  Result: True
// READ:: STATE.RUN()  --->  Result: True
// READ:: STATE.RUN()  --->  Result: True
// READ:: STATE.RUN()  --->  Result: True
// READ:: STATE.RUN()  --->  Result: True
// READ:: STATE.RUN()  --->  Result: True
// READ:: STATE.RUN()  --->  Result: True
// CMD :: Break
// READ:: Register(PC)  --->  Result: 2152044066
// CMD :: Go
// READ:: STATE.RUN()  --->  Result: True
// READ:: STATE.RUN()  --->  Result: True
// READ:: STATE.RUN()  --->  Result: True
// READ:: STATE.RUN()  --->  Result: True
// READ:: STATE.RUN()  --->  Result: True
// READ:: STATE.RUN()  --->  Result: True
// READ:: STATE.RUN()  --->  Result: True
// READ:: STATE.RUN()  --->  Result: True
// READ:: STATE.RUN()  --->  Result: True
// READ:: STATE.RUN()  --->  Result: True
// CMD :: Break
// READ:: Register(PC)  --->  Result: 2152041000
// CMD :: Go
// READ:: STATE.RUN()  --->  Result: True
// READ:: STATE.RUN()  --->  Result: True
// READ:: STATE.RUN()  --->  Result: True
// READ:: STATE.RUN()  --->  Result: True
// READ:: STATE.RUN()  --->  Result: True
// READ:: STATE.RUN()  --->  Result: True
// READ:: STATE.RUN()  --->  Result: True
// READ:: STATE.RUN()  --->  Result: True
