// TRACE32 Python API Execution Log
// Date: 2026-06-05 15:11:47
// Architecture: TRICORE
// Target Firmware: C:\ProjectCode\VCUPlus\Build\Output_GM_VCUPLUS_BL_TC397X_debug\SoftwarePackets\Hex_Files\GM_IDC_VCUPLUS_BL_WithPP.hex
// ===================================================

// CMD :: SYStem.RESet
// CMD :: SYStem.DETECT CPU
// READ:: SYStem.CPU()  --->  Result: TC397XP
// CMD :: SYStem.Up
// CMD :: DO ~~/demo/tricore/flash/TC39x.cmm CPU=TC397XP PREPAREONLY
// CMD :: FLASH.ReProgram ALL
// CMD :: Data.LOAD.auto C:\ProjectCode\VCUPlus\Build\Output_GM_VCUPLUS_BL_TC397X_debug\SoftwarePackets\Hex_Files\GM_IDC_VCUPLUS_BL_WithPP.hex
// CMD :: FLASH.ReProgram OFF
// CMD :: SYStem.Down
// CMD :: SYStem.Up
// CMD :: Data.LOAD.Elf C:\ProjectCode\VCUPlus\Build\Output_GM_VCUPLUS_BL_TC397X_debug\SoftwarePackets\Hex_Files\GM_IDC_VCUPLUS_BL.out /NoCODE
// CMD :: Go
// READ:: STATE.RUN()  --->  Result: False
// READ:: STATE.RUN()  --->  Result: False
// READ:: Register(PC)  --->  Result: 2684879360

// ERROR :: 脚本异常终止: wrong parameter type : expected  ADDRESS
// CMD :: QUIT
