// ===================================================
// TRACE32 Python API Execution Log (Standalone Framework)
// Date: 2026-06-08 21:12:41
// Architecture: TRICORE
// Target Firmware: C:/ProjectCode/NDNC-LOCAL8155_R4-UQB26C-20260423-152_scc_debug/Output_GM_VCUPLUS_APP_TC397X_debug/GM_VCUPLUS_ND_withPP.s19
// ===================================================

CMD :: SYStem.RESet
CMD :: SYStem.DETECT CPU
CMD :: SYStem.CPU TC397XP
CMD :: DO "C:/ProjectCode/Commmon_lautxx/laut-common/Tools/laut-tc3xx-VCUPLUS/tc3x7/TargetAutoDetect.cmm" CPU=TC397XP
// INFO :: Listing FLASH devices after DO ...
// DEBUG :: FLASH.List() -> (error) no function 'FLASH.LIST' exists  -  don't use commands as functions - Press F1 for more details
// DEBUG :: FLASH.Device() -> (error) no function 'FLASH.DEVICE' exists  -  don't use commands as functions - Press F1 for more details
// DEBUG :: FLASH.Name() -> (error) no function 'FLASH.NAME' exists  -  don't use commands as functions - Press F1 for more details
// DEBUG :: FLASH.Info() -> (error) no function 'FLASH.INFO' exists  -  don't use commands as functions - Press F1 for more details
CMD :: DO "~~/demo/tricore/hardware/triboard-tc3x7/tc397xp/disable_tlf35584.cmm"
CMD :: System.MemAccess CPU
// INFO :: Skip Break because target not running
CMD :: Data.LOAD.auto "C:/ProjectCode/NDNC-LOCAL8155_R4-UQB26C-20260423-152_scc_debug/Output_GM_VCUPLUS_APP_TC397X_debug/GM_VCUPLUS_ND_withPP.s19" /DIFF /SingleLineAdjacent
CMD :: SYStem.Mode.Down
CMD :: FLASH.ReProgram ALL

// ERROR :: 脚本异常终止: ('no such FLASH device', 'command: ', b'FLASH.ReProgram ALL')
CMD :: QUIT
