// TRACE32 Python API Execution Log
// Date: 2026-06-04 16:43:41
// Architecture: TRICORE
// Target Firmware: C:\ProjectCode\VCUPlus\Build\Output_GM_VCUPLUS_BL_TC397X_debug\SoftwarePackets\Hex_Files\GM_IDC_VCUPLUS_BL_WithPP.hex
// ===================================================

// CMD :: SYStem.RESet
// CMD :: SYStem.DETECT CPU
// READ:: SYStem.CPU()  --->  Result: TC397XP
// CMD :: SYStem.Up
// CMD :: DO ~~/demo/tricore/flash/TC39x.cmm CPU=TC397XP PREPAREONLY
// CMD :: FLASH.ReProgram ALL
// CMD :: Data.LOAD.auto C:\ProjectCode\VCUPlus\Build\Output_GM_VCUPLUS_BL_TC397X_debug\SoftwarePackets\Hex_Files\GM_IDC_VCUPLUS_BL_WithPP.hex
// CMD :: FLASH.ReProgram OFF
// CMD :: SYStem.Down
// CMD :: SYStem.Up
// CMD :: Data.LOAD.Elf C:\ProjectCode\VCUPlus\Build\Output_GM_VCUPLUS_BL_TC397X_debug\SoftwarePackets\Hex_Files\GM_IDC_VCUPLUS_BL.out /NoCODE
// CMD :: Go
// READ:: STATE.RUN()  --->  Result: True
// READ:: STATE.RUN()  --->  Result: True
// READ:: STATE.RUN()  --->  Result: True
// READ:: STATE.RUN()  --->  Result: True
// READ:: STATE.RUN()  --->  Result: True
// READ:: STATE.RUN()  --->  Result: True
// READ:: STATE.RUN()  --->  Result: True
// READ:: STATE.RUN()  --->  Result: True
// READ:: STATE.RUN()  --->  Result: True
// READ:: STATE.RUN()  --->  Result: True
// READ:: STATE.RUN()  --->  Result: True
// CMD :: Break
// READ:: Register(PC)  --->  Result: 2152236118
// CMD :: Go
// READ:: STATE.RUN()  --->  Result: True
// READ:: STATE.RUN()  --->  Result: True
// READ:: STATE.RUN()  --->  Result: True
// READ:: STATE.RUN()  --->  Result: True
// READ:: STATE.RUN()  --->  Result: True
// READ:: STATE.RUN()  --->  Result: True
// READ:: STATE.RUN()  --->  Result: True
// READ:: STATE.RUN()  --->  Result: True
// READ:: STATE.RUN()  --->  Result: True
// READ:: STATE.RUN()  --->  Result: True
// CMD :: Break
// READ:: Register(PC)  --->  Result: 2152044066
// CMD :: Go
// READ:: STATE.RUN()  --->  Result: True
// READ:: STATE.RUN()  --->  Result: True
// READ:: STATE.RUN()  --->  Result: True
// READ:: STATE.RUN()  --->  Result: True
// READ:: STATE.RUN()  --->  Result: True
// READ:: STATE.RUN()  --->  Result: True
// READ:: STATE.RUN()  --->  Result: True
// READ:: STATE.RUN()  --->  Result: True
// READ:: STATE.RUN()  --->  Result: True
// READ:: STATE.RUN()  --->  Result: True
// CMD :: Break
// READ:: Register(PC)  --->  Result: 2152063178
// CMD :: Go
// READ:: STATE.RUN()  --->  Result: True
// READ:: STATE.RUN()  --->  Result: True
// READ:: STATE.RUN()  --->  Result: True
// READ:: STATE.RUN()  --->  Result: True
// READ:: STATE.RUN()  --->  Result: True
// READ:: STATE.RUN()  --->  Result: True
// READ:: STATE.RUN()  --->  Result: True
// READ:: STATE.RUN()  --->  Result: True
// READ:: STATE.RUN()  --->  Result: True
// READ:: STATE.RUN()  --->  Result: True
// CMD :: Break
// READ:: Register(PC)  --->  Result: 2150342066
// CMD :: Go
// READ:: STATE.RUN()  --->  Result: True
// READ:: STATE.RUN()  --->  Result: True
// READ:: STATE.RUN()  --->  Result: True
// READ:: STATE.RUN()  --->  Result: True
// READ:: STATE.RUN()  --->  Result: True
// READ:: STATE.RUN()  --->  Result: True
// READ:: STATE.RUN()  --->  Result: True
// READ:: STATE.RUN()  --->  Result: True
// READ:: STATE.RUN()  --->  Result: True
// READ:: STATE.RUN()  --->  Result: True
// CMD :: Break
// READ:: Register(PC)  --->  Result: 2152043866
// CMD :: Go
// READ:: STATE.RUN()  --->  Result: True
// READ:: STATE.RUN()  --->  Result: True
// READ:: STATE.RUN()  --->  Result: True
// READ:: STATE.RUN()  --->  Result: True
// READ:: STATE.RUN()  --->  Result: True
// READ:: STATE.RUN()  --->  Result: True
// READ:: STATE.RUN()  --->  Result: True
// READ:: STATE.RUN()  --->  Result: True
// READ:: STATE.RUN()  --->  Result: True
// READ:: STATE.RUN()  --->  Result: True
// CMD :: Break
// READ:: Register(PC)  --->  Result: 2152032768
// CMD :: Go
// READ:: STATE.RUN()  --->  Result: True
// READ:: STATE.RUN()  --->  Result: True
// READ:: STATE.RUN()  --->  Result: True
// READ:: STATE.RUN()  --->  Result: True
// READ:: STATE.RUN()  --->  Result: True
// READ:: STATE.RUN()  --->  Result: True
// READ:: STATE.RUN()  --->  Result: True
// READ:: STATE.RUN()  --->  Result: True
// READ:: STATE.RUN()  --->  Result: True
// READ:: STATE.RUN()  --->  Result: True
// CMD :: Break
// READ:: Register(PC)  --->  Result: 2150748146
// CMD :: Go
// READ:: STATE.RUN()  --->  Result: True
// READ:: STATE.RUN()  --->  Result: True
// READ:: STATE.RUN()  --->  Result: True
// READ:: STATE.RUN()  --->  Result: True
// READ:: STATE.RUN()  --->  Result: True
// READ:: STATE.RUN()  --->  Result: True
// READ:: STATE.RUN()  --->  Result: True
// READ:: STATE.RUN()  --->  Result: True
// READ:: STATE.RUN()  --->  Result: True
// READ:: STATE.RUN()  --->  Result: True
// CMD :: Break
// READ:: Register(PC)  --->  Result: 2152248478
// CMD :: Go
// READ:: STATE.RUN()  --->  Result: True
// READ:: STATE.RUN()  --->  Result: True
// READ:: STATE.RUN()  --->  Result: True
// READ:: STATE.RUN()  --->  Result: True
// READ:: STATE.RUN()  --->  Result: True
// READ:: STATE.RUN()  --->  Result: True
// READ:: STATE.RUN()  --->  Result: True
// READ:: STATE.RUN()  --->  Result: True
// READ:: STATE.RUN()  --->  Result: True
// READ:: STATE.RUN()  --->  Result: True
// CMD :: Break
// READ:: Register(PC)  --->  Result: 2152041602
// CMD :: Go
// READ:: STATE.RUN()  --->  Result: True
// READ:: STATE.RUN()  --->  Result: True
// READ:: STATE.RUN()  --->  Result: True
// READ:: STATE.RUN()  --->  Result: True
// READ:: STATE.RUN()  --->  Result: True
// READ:: STATE.RUN()  --->  Result: True
// READ:: STATE.RUN()  --->  Result: True
// READ:: STATE.RUN()  --->  Result: True
// READ:: STATE.RUN()  --->  Result: True
// READ:: STATE.RUN()  --->  Result: True
// CMD :: Break
// READ:: Register(PC)  --->  Result: 2152032786
// CMD :: Go
// READ:: STATE.RUN()  --->  Result: True
// READ:: STATE.RUN()  --->  Result: True
// READ:: STATE.RUN()  --->  Result: True
// READ:: STATE.RUN()  --->  Result: True
// READ:: STATE.RUN()  --->  Result: True
// READ:: STATE.RUN()  --->  Result: True
// READ:: STATE.RUN()  --->  Result: True
// READ:: STATE.RUN()  --->  Result: True
// READ:: STATE.RUN()  --->  Result: True
// READ:: STATE.RUN()  --->  Result: True
// CMD :: Break
// READ:: Register(PC)  --->  Result: 2150748770
// CMD :: Go
// READ:: STATE.RUN()  --->  Result: True
// READ:: STATE.RUN()  --->  Result: True
// READ:: STATE.RUN()  --->  Result: True
// READ:: STATE.RUN()  --->  Result: True
// READ:: STATE.RUN()  --->  Result: True
// READ:: STATE.RUN()  --->  Result: True
// READ:: STATE.RUN()  --->  Result: True
// READ:: STATE.RUN()  --->  Result: True
// READ:: STATE.RUN()  --->  Result: True
// READ:: STATE.RUN()  --->  Result: True
// CMD :: Break
// READ:: Register(PC)  --->  Result: 2152050256
// CMD :: Go
// READ:: STATE.RUN()  --->  Result: True
// READ:: STATE.RUN()  --->  Result: True
// READ:: STATE.RUN()  --->  Result: True
// READ:: STATE.RUN()  --->  Result: True
// READ:: STATE.RUN()  --->  Result: True
// READ:: STATE.RUN()  --->  Result: True
// READ:: STATE.RUN()  --->  Result: True
// READ:: STATE.RUN()  --->  Result: True
// READ:: STATE.RUN()  --->  Result: True
// READ:: STATE.RUN()  --->  Result: True
// CMD :: Break
// READ:: Register(PC)  --->  Result: 2150758966
// CMD :: Go
// READ:: STATE.RUN()  --->  Result: True
// READ:: STATE.RUN()  --->  Result: True
// READ:: STATE.RUN()  --->  Result: True
// READ:: STATE.RUN()  --->  Result: True
// READ:: STATE.RUN()  --->  Result: True
// READ:: STATE.RUN()  --->  Result: True
// READ:: STATE.RUN()  --->  Result: True
// READ:: STATE.RUN()  --->  Result: True
// READ:: STATE.RUN()  --->  Result: True
// READ:: STATE.RUN()  --->  Result: True
// CMD :: Break
// READ:: Register(PC)  --->  Result: 2150746448
// CMD :: Go
// READ:: STATE.RUN()  --->  Result: True
// READ:: STATE.RUN()  --->  Result: True
// READ:: STATE.RUN()  --->  Result: True
// READ:: STATE.RUN()  --->  Result: True
// READ:: STATE.RUN()  --->  Result: True
// READ:: STATE.RUN()  --->  Result: True
// READ:: STATE.RUN()  --->  Result: True
// READ:: STATE.RUN()  --->  Result: True
// READ:: STATE.RUN()  --->  Result: True
// READ:: STATE.RUN()  --->  Result: True
// CMD :: Break
// READ:: Register(PC)  --->  Result: 2152050242
// CMD :: Go
// READ:: STATE.RUN()  --->  Result: True
// READ:: STATE.RUN()  --->  Result: True
// READ:: STATE.RUN()  --->  Result: True
// READ:: STATE.RUN()  --->  Result: True
// READ:: STATE.RUN()  --->  Result: True
// READ:: STATE.RUN()  --->  Result: True
// READ:: STATE.RUN()  --->  Result: True
// READ:: STATE.RUN()  --->  Result: True
// READ:: STATE.RUN()  --->  Result: True
// READ:: STATE.RUN()  --->  Result: True
// CMD :: Break
// READ:: Register(PC)  --->  Result: 2152043874
// CMD :: Go
// READ:: STATE.RUN()  --->  Result: True
// READ:: STATE.RUN()  --->  Result: True
// READ:: STATE.RUN()  --->  Result: True
// READ:: STATE.RUN()  --->  Result: True
// READ:: STATE.RUN()  --->  Result: True
// READ:: STATE.RUN()  --->  Result: True
// READ:: STATE.RUN()  --->  Result: True
// READ:: STATE.RUN()  --->  Result: True
// READ:: STATE.RUN()  --->  Result: True
// READ:: STATE.RUN()  --->  Result: True
// CMD :: Break
// READ:: Register(PC)  --->  Result: 2150759034
// CMD :: Go
// READ:: STATE.RUN()  --->  Result: True
// READ:: STATE.RUN()  --->  Result: True
// READ:: STATE.RUN()  --->  Result: True
// READ:: STATE.RUN()  --->  Result: True
// READ:: STATE.RUN()  --->  Result: True
// READ:: STATE.RUN()  --->  Result: True
// READ:: STATE.RUN()  --->  Result: True
// READ:: STATE.RUN()  --->  Result: True
// READ:: STATE.RUN()  --->  Result: True
// READ:: STATE.RUN()  --->  Result: True
// CMD :: Break
// READ:: Register(PC)  --->  Result: 2152456060
// CMD :: Go
// CMD :: QUIT
