// TRACE32 Python API Execution Log
// Date: 2026-06-04 16:54:08
// Architecture: TRICORE
// Target Firmware: C:\ProjectCode\VCUPlus\Build\Output_GM_VCUPLUS_BL_TC397X_debug\SoftwarePackets\Hex_Files\GM_IDC_VCUPLUS_BL_WithPP.hex
// ===================================================

// CMD :: SYStem.RESet
// CMD :: SYStem.DETECT CPU
// READ:: SYStem.CPU()  --->  Result: TC397XP
// CMD :: SYStem.Up
// CMD :: DO ~~/demo/tricore/flash/TC39x.cmm CPU=TC397XP PREPAREONLY
// CMD :: FLASH.ReProgram ALL
// CMD :: Data.LOAD.auto C:\ProjectCode\VCUPlus\Build\Output_GM_VCUPLUS_BL_TC397X_debug\SoftwarePackets\Hex_Files\GM_IDC_VCUPLUS_BL_WithPP.hex
// CMD :: FLASH.ReProgram OFF
// CMD :: SYStem.Down
// CMD :: SYStem.Up
// CMD :: Data.LOAD.Elf C:\ProjectCode\VCUPlus\Build\Output_GM_VCUPLUS_BL_TC397X_debug\SoftwarePackets\Hex_Files\GM_IDC_VCUPLUS_BL.out /NoCODE
// CMD :: Go
// READ:: STATE.RUN()  --->  Result: True
// READ:: STATE.RUN()  --->  Result: True
// READ:: STATE.RUN()  --->  Result: True
// READ:: STATE.RUN()  --->  Result: True
// READ:: STATE.RUN()  --->  Result: True
// READ:: STATE.RUN()  --->  Result: True
// READ:: STATE.RUN()  --->  Result: True
// READ:: STATE.RUN()  --->  Result: True
// READ:: STATE.RUN()  --->  Result: True
// READ:: STATE.RUN()  --->  Result: True
// READ:: STATE.RUN()  --->  Result: True
// CMD :: Break
// READ:: Register(PC)  --->  Result: 2150748718
// CMD :: Go
// READ:: STATE.RUN()  --->  Result: True
// READ:: STATE.RUN()  --->  Result: True
// READ:: STATE.RUN()  --->  Result: True
// READ:: STATE.RUN()  --->  Result: True
// READ:: STATE.RUN()  --->  Result: True
// READ:: STATE.RUN()  --->  Result: True
// READ:: STATE.RUN()  --->  Result: True
// READ:: STATE.RUN()  --->  Result: True
// READ:: STATE.RUN()  --->  Result: True
// READ:: STATE.RUN()  --->  Result: True
// CMD :: Break
// READ:: Register(PC)  --->  Result: 2152467924
// CMD :: Go
// READ:: STATE.RUN()  --->  Result: True
// READ:: STATE.RUN()  --->  Result: True
// READ:: STATE.RUN()  --->  Result: True
// READ:: STATE.RUN()  --->  Result: True
// READ:: STATE.RUN()  --->  Result: True
// READ:: STATE.RUN()  --->  Result: True
// READ:: STATE.RUN()  --->  Result: True
// READ:: STATE.RUN()  --->  Result: True
// READ:: STATE.RUN()  --->  Result: True
// READ:: STATE.RUN()  --->  Result: True
// CMD :: Break
// READ:: Register(PC)  --->  Result: 2150748764
// CMD :: Go
// READ:: STATE.RUN()  --->  Result: True
// READ:: STATE.RUN()  --->  Result: True
// READ:: STATE.RUN()  --->  Result: True
// READ:: STATE.RUN()  --->  Result: True
// READ:: STATE.RUN()  --->  Result: True
// READ:: STATE.RUN()  --->  Result: True
// READ:: STATE.RUN()  --->  Result: True
// READ:: STATE.RUN()  --->  Result: True
// READ:: STATE.RUN()  --->  Result: True
// READ:: STATE.RUN()  --->  Result: True
// CMD :: Break
// READ:: Register(PC)  --->  Result: 2150746458
// CMD :: Go
// READ:: STATE.RUN()  --->  Result: True
// READ:: STATE.RUN()  --->  Result: True
// READ:: STATE.RUN()  --->  Result: True
// READ:: STATE.RUN()  --->  Result: True
// READ:: STATE.RUN()  --->  Result: True
// READ:: STATE.RUN()  --->  Result: True
// READ:: STATE.RUN()  --->  Result: True
// READ:: STATE.RUN()  --->  Result: True
// READ:: STATE.RUN()  --->  Result: True
// READ:: STATE.RUN()  --->  Result: True
// CMD :: Break
// READ:: Register(PC)  --->  Result: 2149100970
// CMD :: Go
// READ:: STATE.RUN()  --->  Result: True
// READ:: STATE.RUN()  --->  Result: True
// READ:: STATE.RUN()  --->  Result: True
// READ:: STATE.RUN()  --->  Result: True
// READ:: STATE.RUN()  --->  Result: True
// READ:: STATE.RUN()  --->  Result: True
// READ:: STATE.RUN()  --->  Result: True
// READ:: STATE.RUN()  --->  Result: True
// READ:: STATE.RUN()  --->  Result: True
// READ:: STATE.RUN()  --->  Result: True
// CMD :: Break
// READ:: Register(PC)  --->  Result: 2150744412
// CMD :: Go
// READ:: STATE.RUN()  --->  Result: True
// READ:: STATE.RUN()  --->  Result: True
// READ:: STATE.RUN()  --->  Result: True
// READ:: STATE.RUN()  --->  Result: True
// READ:: STATE.RUN()  --->  Result: True
// READ:: STATE.RUN()  --->  Result: True
// READ:: STATE.RUN()  --->  Result: True
// READ:: STATE.RUN()  --->  Result: True
// READ:: STATE.RUN()  --->  Result: True
// READ:: STATE.RUN()  --->  Result: True
// CMD :: Break
// READ:: Register(PC)  --->  Result: 2150748718
// CMD :: Go
// READ:: STATE.RUN()  --->  Result: True
// READ:: STATE.RUN()  --->  Result: True
// READ:: STATE.RUN()  --->  Result: True
// READ:: STATE.RUN()  --->  Result: True
// READ:: STATE.RUN()  --->  Result: True
// READ:: STATE.RUN()  --->  Result: True
// READ:: STATE.RUN()  --->  Result: True
// READ:: STATE.RUN()  --->  Result: True
// READ:: STATE.RUN()  --->  Result: True
// READ:: STATE.RUN()  --->  Result: True
// CMD :: Break
// READ:: Register(PC)  --->  Result: 1880113356
// CMD :: Go
// READ:: STATE.RUN()  --->  Result: True
// READ:: STATE.RUN()  --->  Result: True
// READ:: STATE.RUN()  --->  Result: True
// READ:: STATE.RUN()  --->  Result: True
// READ:: STATE.RUN()  --->  Result: True
// READ:: STATE.RUN()  --->  Result: True
// READ:: STATE.RUN()  --->  Result: True
// READ:: STATE.RUN()  --->  Result: True
// READ:: STATE.RUN()  --->  Result: True
// READ:: STATE.RUN()  --->  Result: True
// CMD :: Break
// READ:: Register(PC)  --->  Result: 2152063374
// CMD :: Go
// READ:: STATE.RUN()  --->  Result: True
// READ:: STATE.RUN()  --->  Result: True
// READ:: STATE.RUN()  --->  Result: True
// READ:: STATE.RUN()  --->  Result: True
// READ:: STATE.RUN()  --->  Result: True
// READ:: STATE.RUN()  --->  Result: True
// READ:: STATE.RUN()  --->  Result: True
// READ:: STATE.RUN()  --->  Result: True
// READ:: STATE.RUN()  --->  Result: True
// READ:: STATE.RUN()  --->  Result: True
// CMD :: Break
// READ:: Register(PC)  --->  Result: 2152462688
// CMD :: Go
// READ:: STATE.RUN()  --->  Result: True
// READ:: STATE.RUN()  --->  Result: True
// READ:: STATE.RUN()  --->  Result: True
// READ:: STATE.RUN()  --->  Result: True
// READ:: STATE.RUN()  --->  Result: True
// READ:: STATE.RUN()  --->  Result: True
// READ:: STATE.RUN()  --->  Result: True
// READ:: STATE.RUN()  --->  Result: True
// READ:: STATE.RUN()  --->  Result: True
// READ:: STATE.RUN()  --->  Result: True
// CMD :: Break
// READ:: Register(PC)  --->  Result: 2152459532
// CMD :: Go
// READ:: STATE.RUN()  --->  Result: True
// READ:: STATE.RUN()  --->  Result: True
// READ:: STATE.RUN()  --->  Result: True
// READ:: STATE.RUN()  --->  Result: True
// READ:: STATE.RUN()  --->  Result: True
// READ:: STATE.RUN()  --->  Result: True
// READ:: STATE.RUN()  --->  Result: True
// READ:: STATE.RUN()  --->  Result: True
// READ:: STATE.RUN()  --->  Result: True
// READ:: STATE.RUN()  --->  Result: True
// CMD :: Break
// READ:: Register(PC)  --->  Result: 2152073946
// CMD :: Go
// READ:: STATE.RUN()  --->  Result: True
// READ:: STATE.RUN()  --->  Result: True
// READ:: STATE.RUN()  --->  Result: True
// READ:: STATE.RUN()  --->  Result: True
// READ:: STATE.RUN()  --->  Result: True
// READ:: STATE.RUN()  --->  Result: True
// READ:: STATE.RUN()  --->  Result: True
// READ:: STATE.RUN()  --->  Result: True
// READ:: STATE.RUN()  --->  Result: True
// READ:: STATE.RUN()  --->  Result: True
// CMD :: Break
// READ:: Register(PC)  --->  Result: 2152019802
// CMD :: Go
// READ:: STATE.RUN()  --->  Result: True
// READ:: STATE.RUN()  --->  Result: True
// READ:: STATE.RUN()  --->  Result: True
// READ:: STATE.RUN()  --->  Result: True
// READ:: STATE.RUN()  --->  Result: True
// READ:: STATE.RUN()  --->  Result: True
// READ:: STATE.RUN()  --->  Result: True
// READ:: STATE.RUN()  --->  Result: True
// READ:: STATE.RUN()  --->  Result: True
// READ:: STATE.RUN()  --->  Result: True
// CMD :: Break
// READ:: Register(PC)  --->  Result: 2150746628
// CMD :: Go
// READ:: STATE.RUN()  --->  Result: True
// READ:: STATE.RUN()  --->  Result: True
// READ:: STATE.RUN()  --->  Result: True
// READ:: STATE.RUN()  --->  Result: True
// READ:: STATE.RUN()  --->  Result: True
// READ:: STATE.RUN()  --->  Result: True
// READ:: STATE.RUN()  --->  Result: True
// READ:: STATE.RUN()  --->  Result: True
// READ:: STATE.RUN()  --->  Result: True
// READ:: STATE.RUN()  --->  Result: True
// CMD :: Break
// READ:: Register(PC)  --->  Result: 2152073680
// CMD :: Go
// READ:: STATE.RUN()  --->  Result: True
// READ:: STATE.RUN()  --->  Result: True
// READ:: STATE.RUN()  --->  Result: True
// READ:: STATE.RUN()  --->  Result: True
// READ:: STATE.RUN()  --->  Result: True
// READ:: STATE.RUN()  --->  Result: True
// READ:: STATE.RUN()  --->  Result: True
// READ:: STATE.RUN()  --->  Result: True
// READ:: STATE.RUN()  --->  Result: True
// READ:: STATE.RUN()  --->  Result: True
// CMD :: Break
// READ:: Register(PC)  --->  Result: 2150691048
// CMD :: Go
// READ:: STATE.RUN()  --->  Result: True
// READ:: STATE.RUN()  --->  Result: True
// READ:: STATE.RUN()  --->  Result: True
// READ:: STATE.RUN()  --->  Result: True
// READ:: STATE.RUN()  --->  Result: True
// READ:: STATE.RUN()  --->  Result: True
// READ:: STATE.RUN()  --->  Result: True
// READ:: STATE.RUN()  --->  Result: True
// READ:: STATE.RUN()  --->  Result: True
// READ:: STATE.RUN()  --->  Result: True
// CMD :: Break
// READ:: Register(PC)  --->  Result: 2152023028
// CMD :: Go
// READ:: STATE.RUN()  --->  Result: True
// READ:: STATE.RUN()  --->  Result: True
// READ:: STATE.RUN()  --->  Result: True
// READ:: STATE.RUN()  --->  Result: True
// READ:: STATE.RUN()  --->  Result: True
// READ:: STATE.RUN()  --->  Result: True
// READ:: STATE.RUN()  --->  Result: True
// READ:: STATE.RUN()  --->  Result: True
// READ:: STATE.RUN()  --->  Result: True
// READ:: STATE.RUN()  --->  Result: True
// CMD :: Break
// READ:: Register(PC)  --->  Result: 2152460520
// CMD :: Go
// CMD :: QUIT
