// TRACE32 Python API Execution Log
// Date: 2026-06-04 16:22:17
// Architecture: TRICORE
// Target Firmware: C:\ProjectCode\VCUPlus\Build\Output_GM_VCUPLUS_APP_TC397X_debug\SoftwarePackets\Hex_Files\GM_VCUPLUS_ND_withPP.s19
// ===================================================

// CMD :: SYStem.RESet
// CMD :: SYStem.DETECT CPU
// READ:: SYStem.CPU()  --->  Result: TC397XP
// CMD :: SYStem.Up
// CMD :: DO ~~/demo/tricore/flash/TC39x.cmm CPU=TC397XP PREPAREONLY
// CMD :: FLASH.ReProgram ALL
// CMD :: Data.LOAD.auto C:\ProjectCode\VCUPlus\Build\Output_GM_VCUPLUS_APP_TC397X_debug\SoftwarePackets\Hex_Files\GM_VCUPLUS_ND_withPP.s19
// CMD :: FLASH.ReProgram OFF
// CMD :: SYStem.Down
// CMD :: SYStem.Up
// CMD :: Data.LOAD.Elf C:\ProjectCode\VCUPlus\Build\Output_GM_VCUPLUS_APP_TC397X_debug\SoftwarePackets\Hex_Files\GM_VCUPLUS.out /NoCODE
// CMD :: Go
// READ:: STATE.RUN()  --->  Result: True
// READ:: STATE.RUN()  --->  Result: True
// READ:: STATE.RUN()  --->  Result: True
// READ:: STATE.RUN()  --->  Result: True
// READ:: STATE.RUN()  --->  Result: True
// READ:: STATE.RUN()  --->  Result: True
// READ:: STATE.RUN()  --->  Result: True
// READ:: STATE.RUN()  --->  Result: True
// READ:: STATE.RUN()  --->  Result: True
// READ:: STATE.RUN()  --->  Result: True
// READ:: STATE.RUN()  --->  Result: True
// CMD :: Break
// READ:: Register(PC)  --->  Result: 2152019822
// CMD :: Go
// READ:: STATE.RUN()  --->  Result: True
// READ:: STATE.RUN()  --->  Result: True
// READ:: STATE.RUN()  --->  Result: True
// READ:: STATE.RUN()  --->  Result: True
// READ:: STATE.RUN()  --->  Result: True
// READ:: STATE.RUN()  --->  Result: True
// READ:: STATE.RUN()  --->  Result: True
// READ:: STATE.RUN()  --->  Result: True
// READ:: STATE.RUN()  --->  Result: True
// READ:: STATE.RUN()  --->  Result: True
// CMD :: Break
// READ:: Register(PC)  --->  Result: 2152457578
// CMD :: Go
// READ:: STATE.RUN()  --->  Result: True
// READ:: STATE.RUN()  --->  Result: True
// READ:: STATE.RUN()  --->  Result: True
// READ:: STATE.RUN()  --->  Result: True
// READ:: STATE.RUN()  --->  Result: True
// READ:: STATE.RUN()  --->  Result: True
// READ:: STATE.RUN()  --->  Result: True
// READ:: STATE.RUN()  --->  Result: True
// READ:: STATE.RUN()  --->  Result: True
// READ:: STATE.RUN()  --->  Result: True
// CMD :: Break
// READ:: Register(PC)  --->  Result: 2152074172
// CMD :: Go
// READ:: STATE.RUN()  --->  Result: True
// READ:: STATE.RUN()  --->  Result: True
// READ:: STATE.RUN()  --->  Result: True
// READ:: STATE.RUN()  --->  Result: True
// READ:: STATE.RUN()  --->  Result: True
// READ:: STATE.RUN()  --->  Result: True
// READ:: STATE.RUN()  --->  Result: True
// READ:: STATE.RUN()  --->  Result: True
// READ:: STATE.RUN()  --->  Result: True
// READ:: STATE.RUN()  --->  Result: True
// CMD :: Break
// READ:: Register(PC)  --->  Result: 2150746482
// CMD :: Go
// READ:: STATE.RUN()  --->  Result: True
// READ:: STATE.RUN()  --->  Result: True
// READ:: STATE.RUN()  --->  Result: True
// READ:: STATE.RUN()  --->  Result: True
// READ:: STATE.RUN()  --->  Result: True
// READ:: STATE.RUN()  --->  Result: True
// READ:: STATE.RUN()  --->  Result: True
// READ:: STATE.RUN()  --->  Result: True
// READ:: STATE.RUN()  --->  Result: True
// READ:: STATE.RUN()  --->  Result: True
// CMD :: Break
// READ:: Register(PC)  --->  Result: 2149802802
// CMD :: Go
// READ:: STATE.RUN()  --->  Result: True
// READ:: STATE.RUN()  --->  Result: True
// READ:: STATE.RUN()  --->  Result: True
// READ:: STATE.RUN()  --->  Result: True
// READ:: STATE.RUN()  --->  Result: True
// READ:: STATE.RUN()  --->  Result: True
// READ:: STATE.RUN()  --->  Result: True
// READ:: STATE.RUN()  --->  Result: True
// READ:: STATE.RUN()  --->  Result: True
// READ:: STATE.RUN()  --->  Result: True
// CMD :: Break
// READ:: Register(PC)  --->  Result: 2150748150
// CMD :: Go
// READ:: STATE.RUN()  --->  Result: True
// READ:: STATE.RUN()  --->  Result: True
// READ:: STATE.RUN()  --->  Result: True
// READ:: STATE.RUN()  --->  Result: True
// READ:: STATE.RUN()  --->  Result: True
// READ:: STATE.RUN()  --->  Result: True
// READ:: STATE.RUN()  --->  Result: True
// READ:: STATE.RUN()  --->  Result: True
// READ:: STATE.RUN()  --->  Result: True
// READ:: STATE.RUN()  --->  Result: True
// CMD :: Break
// READ:: Register(PC)  --->  Result: 2150744396
// CMD :: Go
// READ:: STATE.RUN()  --->  Result: True
// READ:: STATE.RUN()  --->  Result: True
// READ:: STATE.RUN()  --->  Result: True
// READ:: STATE.RUN()  --->  Result: True
// READ:: STATE.RUN()  --->  Result: True
// READ:: STATE.RUN()  --->  Result: True
// READ:: STATE.RUN()  --->  Result: True
// READ:: STATE.RUN()  --->  Result: True
// READ:: STATE.RUN()  --->  Result: True
// READ:: STATE.RUN()  --->  Result: True
// CMD :: Break
// READ:: Register(PC)  --->  Result: 2152041604
// CMD :: Go
// READ:: STATE.RUN()  --->  Result: True
// READ:: STATE.RUN()  --->  Result: True
// READ:: STATE.RUN()  --->  Result: True
// READ:: STATE.RUN()  --->  Result: True
// READ:: STATE.RUN()  --->  Result: True
// READ:: STATE.RUN()  --->  Result: True
// READ:: STATE.RUN()  --->  Result: True
// READ:: STATE.RUN()  --->  Result: True
// READ:: STATE.RUN()  --->  Result: True
// READ:: STATE.RUN()  --->  Result: True
// CMD :: Break
// READ:: Register(PC)  --->  Result: 2152050274
// CMD :: Go
// READ:: STATE.RUN()  --->  Result: True
// READ:: STATE.RUN()  --->  Result: True
// READ:: STATE.RUN()  --->  Result: True
// READ:: STATE.RUN()  --->  Result: True
// READ:: STATE.RUN()  --->  Result: True
// READ:: STATE.RUN()  --->  Result: True
// READ:: STATE.RUN()  --->  Result: True
// READ:: STATE.RUN()  --->  Result: True
// READ:: STATE.RUN()  --->  Result: True
// READ:: STATE.RUN()  --->  Result: True
// CMD :: Break
// READ:: Register(PC)  --->  Result: 2152043896
// CMD :: Go
// READ:: STATE.RUN()  --->  Result: True
// CMD :: QUIT
