// ===================================================
// TRACE32 Python API Execution Log (Standalone Framework)
// Date: 2026-06-09 16:13:22
// Architecture: TRICORE
// Target Firmware: C:/ProjectCode/VCUPlus/Build/Output_GM_VCUPLUS_APP_TC397X_debug/SoftwarePackets/Hex_Files/GM_VCUPLUS_ND_withPP.s19
// ===================================================

CMD :: SYStem.RESet
CMD :: SYStem.DETECT CPU
CMD :: SYStem.CPU TC397XP
CMD :: DO "C:/ProjectCode/Commmon_lautxx/laut-common/Tools/laut-tc3xx-VCUPLUS/tc3x7/TargetAutoDetect.cmm" CPU=TC397XP
// INFO :: demo flash script ~~/demo/tricore/flash/tc39x.cmm exists: True
CMD :: DO "~~/demo/tricore/flash/tc39x.cmm" CPU=TC397XP PREPAREONLY
// INFO :: Skipped redundant FLASH probe commands to match original tc39x.cmm
CMD :: SYStem.Mode.Down
CMD :: SYStem.CONFIG DEBUGPORTTYPE DAP2
CMD :: SYStem.JtagClock 30.MHz
CMD :: SYStem.Mode.Up
CMD :: System.MemAccess CPU
CMD :: Data.LOAD.auto "C:/ProjectCode/VCUPlus/Build/Output_GM_VCUPLUS_APP_TC397X_debug/SoftwarePackets/Hex_Files/GM_VCUPLUS_ND_withPP.s19" /DIFF /SingleLineAdjacent
CMD :: SYStem.Mode.Up
CMD :: FLASH.ReProgram ALL
CMD :: Data.LOAD.auto "C:/ProjectCode/VCUPlus/Build/Output_GM_VCUPLUS_APP_TC397X_debug/SoftwarePackets/Hex_Files/GM_VCUPLUS_ND_withPP.s19"
CMD :: FLASH.ReProgram OFF
CMD :: &ucbValidityCheck = "1"
CMD :: &fileToFlash = "C:/ProjectCode/VCUPlus/Build/Output_GM_VCUPLUS_APP_TC397X_debug/SoftwarePackets/Hex_Files/GM_VCUPLUS_ND_withPP.s19"
CMD :: &pathToUcbConfig = "C:/ProjectCode/Commmon_lautxx/laut-common/Tools/laut-tc3xx-VCUPLUS/tc3x7"
CMD :: &__ucbValidityCheck = "1"
CMD :: &__fileToFlash = "C:/ProjectCode/VCUPlus/Build/Output_GM_VCUPLUS_APP_TC397X_debug/SoftwarePackets/Hex_Files/GM_VCUPLUS_ND_withPP.s19"
CMD :: &__pathToUcbConfig = "C:/ProjectCode/Commmon_lautxx/laut-common/Tools/laut-tc3xx-VCUPLUS/tc3x7"
CMD :: DO "C:/ProjectCode/Commmon_lautxx/laut-common/Tools/laut-tc3xx-VCUPLUS/ProgramUcbs.cmm"
CMD :: SYStem.Option.RESETMODE PORST
CMD :: SYStem.RESetTarget
CMD :: SYStem.Up
CMD :: Data.LOAD.Elf "C:/ProjectCode/VCUPlus/Build/Output_GM_VCUPLUS_APP_TC397X_debug/SoftwarePackets/Hex_Files/GM_VCUPLUS.out" /NoCODE
CMD :: SYStem.Option DUALPORT ON
CMD :: Go
// INFO :: Stability monitoring started, duration=180s
// STABILITY :: initial check -> NOT RUNNING
// STABILITY :: FAIL second=1 RUN=False PC=未知
