// TRACE32 Python API Execution Log
// Date: 2026-06-05 15:40:27
// Architecture: TRICORE
// Target Firmware: C:\ProjectCode\VCUPlus\Build\Output_GM_VCUPLUS_APP_TC397X_debug\SoftwarePackets\Hex_Files\GM_VCUPLUS_ND_withPP.hex
// ===================================================

// CMD :: SYStem.RESet
// CMD :: SYStem.DETECT CPU
// READ:: SYStem.CPU()  --->  Result: TC397XP
// CMD :: SYStem.Up
// CMD :: DO ~~/demo/tricore/flash/TC39x.cmm CPU=TC397XP PREPAREONLY
// CMD :: FLASH.ReProgram ALL
// CMD :: Data.LOAD.auto C:\ProjectCode\VCUPlus\Build\Output_GM_VCUPLUS_APP_TC397X_debug\SoftwarePackets\Hex_Files\GM_VCUPLUS_ND_withPP.hex
// CMD :: FLASH.ReProgram OFF
// CMD :: SYStem.Down
// CMD :: SYStem.Up
// CMD :: Data.LOAD.Elf C:\ProjectCode\VCUPlus\Build\Output_GM_VCUPLUS_APP_TC397X_debug\SoftwarePackets\Hex_Files\GM_VCUPLUS.out /NoCODE
// CMD :: Go
// READ:: STATE.RUN()  --->  Result: True
// READ:: STATE.RUN()  --->  Result: True
// READ:: STATE.RUN()  --->  Result: True
// READ:: STATE.RUN()  --->  Result: True
// READ:: STATE.RUN()  --->  Result: True
// READ:: STATE.RUN()  --->  Result: True
// READ:: STATE.RUN()  --->  Result: True
// READ:: STATE.RUN()  --->  Result: True
// READ:: STATE.RUN()  --->  Result: True
// READ:: STATE.RUN()  --->  Result: True
// READ:: STATE.RUN()  --->  Result: True
// CMD :: Break
// READ:: Register(PC)  --->  Result: 2152050256
// CMD :: Go
// READ:: STATE.RUN()  --->  Result: True
// READ:: STATE.RUN()  --->  Result: True
// READ:: STATE.RUN()  --->  Result: True
// READ:: STATE.RUN()  --->  Result: True
// READ:: STATE.RUN()  --->  Result: True
// READ:: STATE.RUN()  --->  Result: True
// READ:: STATE.RUN()  --->  Result: True
// READ:: STATE.RUN()  --->  Result: True
// READ:: STATE.RUN()  --->  Result: True
// READ:: STATE.RUN()  --->  Result: True
// CMD :: Break
// READ:: Register(PC)  --->  Result: 2150048434
// CMD :: Go
// READ:: STATE.RUN()  --->  Result: True
// READ:: STATE.RUN()  --->  Result: True
// READ:: STATE.RUN()  --->  Result: True
// READ:: STATE.RUN()  --->  Result: True
// READ:: STATE.RUN()  --->  Result: True
// READ:: STATE.RUN()  --->  Result: True
// READ:: STATE.RUN()  --->  Result: True
// READ:: STATE.RUN()  --->  Result: True
// READ:: STATE.RUN()  --->  Result: True
// READ:: STATE.RUN()  --->  Result: True
// CMD :: Break
// READ:: Register(PC)  --->  Result: 2152023000
// CMD :: Go
// READ:: STATE.RUN()  --->  Result: True
// READ:: STATE.RUN()  --->  Result: True
// READ:: STATE.RUN()  --->  Result: True
// READ:: STATE.RUN()  --->  Result: True
// READ:: STATE.RUN()  --->  Result: True
// READ:: STATE.RUN()  --->  Result: True
// READ:: STATE.RUN()  --->  Result: True
// READ:: STATE.RUN()  --->  Result: True
// READ:: STATE.RUN()  --->  Result: True
// READ:: STATE.RUN()  --->  Result: True
// CMD :: Break
// READ:: Register(PC)  --->  Result: 2150748770
// CMD :: Go
// READ:: STATE.RUN()  --->  Result: True
// READ:: STATE.RUN()  --->  Result: True
// READ:: STATE.RUN()  --->  Result: True
// READ:: STATE.RUN()  --->  Result: True
// READ:: STATE.RUN()  --->  Result: True
// READ:: STATE.RUN()  --->  Result: True
// READ:: STATE.RUN()  --->  Result: True
// READ:: STATE.RUN()  --->  Result: True
// READ:: STATE.RUN()  --->  Result: True
// READ:: STATE.RUN()  --->  Result: True
// CMD :: Break
// READ:: Register(PC)  --->  Result: 2152032786
// CMD :: Go
// READ:: STATE.RUN()  --->  Result: True
// READ:: STATE.RUN()  --->  Result: True
// READ:: STATE.RUN()  --->  Result: True
// READ:: STATE.RUN()  --->  Result: True
// READ:: STATE.RUN()  --->  Result: True
// READ:: STATE.RUN()  --->  Result: True
// READ:: STATE.RUN()  --->  Result: True
// READ:: STATE.RUN()  --->  Result: True
// READ:: STATE.RUN()  --->  Result: True
// READ:: STATE.RUN()  --->  Result: True
// CMD :: Break
// READ:: Register(PC)  --->  Result: 2149278692
// CMD :: Go
// READ:: STATE.RUN()  --->  Result: True
// READ:: STATE.RUN()  --->  Result: True
// READ:: STATE.RUN()  --->  Result: True
// READ:: STATE.RUN()  --->  Result: True
// READ:: STATE.RUN()  --->  Result: True
// READ:: STATE.RUN()  --->  Result: True
// READ:: STATE.RUN()  --->  Result: True
// READ:: STATE.RUN()  --->  Result: True
// READ:: STATE.RUN()  --->  Result: True
// READ:: STATE.RUN()  --->  Result: True
// CMD :: Break
// READ:: Register(PC)  --->  Result: 2152063298
// CMD :: Go
// READ:: STATE.RUN()  --->  Result: True
// READ:: STATE.RUN()  --->  Result: True
// READ:: STATE.RUN()  --->  Result: True
// READ:: STATE.RUN()  --->  Result: True
// READ:: STATE.RUN()  --->  Result: True
// READ:: STATE.RUN()  --->  Result: True
// READ:: STATE.RUN()  --->  Result: True
// READ:: STATE.RUN()  --->  Result: True
// READ:: STATE.RUN()  --->  Result: True
// READ:: STATE.RUN()  --->  Result: True
// CMD :: Break
// READ:: Register(PC)  --->  Result: 2152023000
// CMD :: Go
// READ:: STATE.RUN()  --->  Result: True
// READ:: STATE.RUN()  --->  Result: True
// READ:: STATE.RUN()  --->  Result: True
// READ:: STATE.RUN()  --->  Result: True
// READ:: STATE.RUN()  --->  Result: True
// READ:: STATE.RUN()  --->  Result: True
// READ:: STATE.RUN()  --->  Result: True
// READ:: STATE.RUN()  --->  Result: True
// READ:: STATE.RUN()  --->  Result: True
// READ:: STATE.RUN()  --->  Result: True
// CMD :: Break
// READ:: Register(PC)  --->  Result: 2152050050
// CMD :: Go
// READ:: STATE.RUN()  --->  Result: True
// READ:: STATE.RUN()  --->  Result: True
// READ:: STATE.RUN()  --->  Result: True
// READ:: STATE.RUN()  --->  Result: True
// READ:: STATE.RUN()  --->  Result: True
// READ:: STATE.RUN()  --->  Result: True
// READ:: STATE.RUN()  --->  Result: True
// READ:: STATE.RUN()  --->  Result: True
// READ:: STATE.RUN()  --->  Result: True
// READ:: STATE.RUN()  --->  Result: True
// CMD :: Break
// READ:: Register(PC)  --->  Result: 2152023650
// CMD :: Go
// READ:: STATE.RUN()  --->  Result: True
// READ:: STATE.RUN()  --->  Result: True
// READ:: STATE.RUN()  --->  Result: True
// READ:: STATE.RUN()  --->  Result: True
// READ:: STATE.RUN()  --->  Result: True
// READ:: STATE.RUN()  --->  Result: False
// READ:: Register(PC)  --->  Result: 2152023004

// ERROR :: 脚本异常终止: wrong parameter type : expected  ADDRESS
// CMD :: QUIT
