// ===================================================
// TRACE32 Python API Execution Log (Standalone Framework)
// Date: 2026-06-10 16:13:29
// Architecture: TRICORE
// Target Firmware: C:/ProjectCode/VCUPlus/Build/Output_GM_VCUPLUS_APP_TC397X_debug/SoftwarePackets/Hex_Files/GM_VCUPLUS_ND_withPP.hex
// ===================================================

CMD :: SYStem.RESet
CMD :: SYStem.DETECT CPU
CMD :: SYStem.CPU TC397XP
CMD :: DO "C:/ProjectCode/Commmon_lautxx/laut-common/Tools/laut-tc3xx-VCUPLUS/tc3x7/TargetAutoDetect.cmm" CPU=TC397XP
// INFO :: demo flash script ~~/demo/tricore/flash/tc39x.cmm exists: True
CMD :: DO "~~/demo/tricore/flash/tc39x.cmm" CPU=TC397XP PREPAREONLY
// INFO :: Skipped redundant FLASH probe commands to match original tc39x.cmm
CMD :: SYStem.Mode.Down
CMD :: SYStem.CONFIG DEBUGPORTTYPE DAP2
CMD :: SYStem.JtagClock 30.MHz
CMD :: SYStem.Mode.Up
CMD :: System.MemAccess CPU
CMD :: SYStem.Mode.Up
CMD :: FLASH.ReProgram ALL
// INFO :: Starting PFlash write, force=True, time=2026-06-10T16:13:35.222855
CMD :: Data.LOAD.auto "C:/ProjectCode/VCUPlus/Build/Output_GM_VCUPLUS_APP_TC397X_debug/SoftwarePackets/Hex_Files/GM_VCUPLUS_ND_withPP.hex"
// INFO :: Finished PFlash write, time=2026-06-10T16:13:38.518723
CMD :: FLASH.ReProgram OFF
CMD :: AREA
// RESULT :: PFlash OK
CMD :: DO "C:/ProjectCode/Commmon_lautxx/laut-common/Tools/laut-tc3xx-VCUPLUS/ProgramUcbs.cmm" "1" "C:/ProjectCode/VCUPlus/Build/Output_GM_VCUPLUS_APP_TC397X_debug/SoftwarePackets/Hex_Files/GM_VCUPLUS_ND_withPP.hex" "C:/ProjectCode/Commmon_lautxx/laut-common/Tools/laut-tc3xx-VCUPLUS/tc3x7"
CMD :: AREA
// RESULT :: UCB OK
// INFO :: Manual power-cycle input at 2026-06-10T16:13:45.097538 -> y
// INFO :: User confirmed manual power-cycle -> continue
CMD :: SYStem.Option.RESETMODE PORST
CMD :: SYStem.RESetTarget
CMD :: SYStem.Up
CMD :: AREA
// AREA DUMP [after_reset] start

// AREA DUMP [after_reset] end
CMD :: Data.LOAD.Elf "C:/ProjectCode/VCUPlus/Build/Output_GM_VCUPLUS_APP_TC397X_debug/SoftwarePackets/Hex_Files/GM_VCUPLUS.out" /NoCODE
CMD :: SYStem.Option DUALPORT ON
CMD :: Go
// INFO :: Stability monitoring started, duration=180s
// STABILITY :: initial check -> RUNNING
// STABILITY :: OK second=1 RUN=True
// STABILITY :: OK second=2 RUN=True
// STABILITY :: OK second=3 RUN=True
// STABILITY :: OK second=4 RUN=True
// STABILITY :: OK second=5 RUN=True
// STABILITY :: OK second=6 RUN=True
// STABILITY :: OK second=7 RUN=True
// STABILITY :: OK second=8 RUN=True
// STABILITY :: OK second=9 RUN=True
