// ===================================================
// TRACE32 Python API Execution Log (Standalone Framework)
// Date: 2026-06-09 20:27:17
// Architecture: TRICORE
// Target Firmware: C:/ProjectCode/VCUPlus/Build/Output_GM_VCUPLUS_APP_TC397X_debug/SoftwarePackets/Hex_Files/GM_VCUPLUS_ND_withPP.s19
// ===================================================

CMD :: SYStem.RESet
CMD :: SYStem.DETECT CPU
CMD :: SYStem.CPU TC397XP
CMD :: DO "C:/ProjectCode/Commmon_lautxx/laut-common/Tools/laut-tc3xx-VCUPLUS/tc3x7/TargetAutoDetect.cmm" CPU=TC397XP
// INFO :: demo flash script ~~/demo/tricore/flash/tc39x.cmm exists: True
CMD :: DO "~~/demo/tricore/flash/tc39x.cmm" CPU=TC397XP PREPAREONLY
// INFO :: Skipped redundant FLASH probe commands to match original tc39x.cmm
CMD :: SYStem.Mode.Down
CMD :: SYStem.CONFIG DEBUGPORTTYPE DAP2
CMD :: SYStem.JtagClock 30.MHz
CMD :: SYStem.Mode.Up
CMD :: System.MemAccess CPU
CMD :: Data.LOAD.auto "C:/ProjectCode/VCUPlus/Build/Output_GM_VCUPLUS_APP_TC397X_debug/SoftwarePackets/Hex_Files/GM_VCUPLUS_ND_withPP.s19" /DIFF /SingleLineAdjacent
// INFO :: GUI progress disabled; using terminal dots instead
CMD :: SYStem.Mode.Up
// INFO :: started reprogram_waker.py (pid=38360)
// INFO :: Data.LOAD.auto attempt 1
.// WARN :: Data.LOAD.auto attempt 1 failed: ('bus error at address P:0x80114000--0x801140FF', 'command: ', b'Data.LOAD.auto "C:/ProjectCode/VCUPlus/Build/Output_GM_VCUPLUS_APP_TC397X_debug/SoftwarePackets/Hex_Files/GM_VCUPLUS_ND_withPP.s19"')
.// INFO :: Data.LOAD.auto attempt 2
.// WARN :: Data.LOAD.auto attempt 2 failed: ('bus error at address P:0x80114000--0x801140FF', 'command: ', b'Data.LOAD.auto "C:/ProjectCode/VCUPlus/Build/Output_GM_VCUPLUS_APP_TC397X_debug/SoftwarePackets/Hex_Files/GM_VCUPLUS_ND_withPP.s19"')
.// INFO :: Data.LOAD.auto attempt 3
.// WARN :: Data.LOAD.auto attempt 3 failed: [WinError 10054] 远程主机强迫关闭了一个现有的连接。
..// ERROR :: waiting for write thread failed: [WinError 10054] 远程主机强迫关闭了一个现有的连接。

// ERROR :: 脚本异常终止: [WinError 10054] 远程主机强迫关闭了一个现有的连接。
