// ===================================================
// TRACE32 Python API Execution Log (Standalone Framework)
// Date: 2026-06-09 10:19:30
// Architecture: TRICORE
// Target Firmware: C:/ProjectCode/NDNC-LOCAL8155_R4-UQB26C-20260423-152_scc_debug/Output_GM_VCUPLUS_APP_TC397X_debug/GM_VCUPLUS_ND_withPP.s19
// ===================================================

CMD :: SYStem.RESet
CMD :: SYStem.DETECT CPU
CMD :: SYStem.CPU TC397XP
CMD :: DO "C:/ProjectCode/Commmon_lautxx/laut-common/Tools/laut-tc3xx-VCUPLUS/tc3x7/TargetAutoDetect.cmm" CPU=TC397XP
// INFO :: demo flash script ~~/demo/tricore/flash/tc39x.cmm exists: True
CMD :: DO "~~/demo/tricore/flash/tc39x.cmm" CPU=TC397XP PREPAREONLY
// INFO :: Listing FLASH devices after DO ...
CMD :: FLASH.List
// DEBUG :: FLASH.List executed
CMD :: FLASH.Device
// DEBUG :: FLASH.Device -> (error) ('unknown command', 'command: ', b'FLASH.Device')
CMD :: FLASH.Name
// DEBUG :: FLASH.Name -> (error) ('unknown command', 'command: ', b'FLASH.Name')
CMD :: FLASH.Info
// DEBUG :: FLASH.Info -> (error) ('unknown command', 'command: ', b'FLASH.Info')
CMD :: SYStem.Mode.Down
CMD :: SYStem.CONFIG DEBUGPORTTYPE DAP2
CMD :: SYStem.JtagClock 30.MHz
// WARN :: SYStem.JtagClock failed: ('no debugging device attached', 'command: ', b'SYStem.JtagClock 30.MHz')
CMD :: SYStem.Mode.Up
CMD :: System.MemAccess CPU
// WARN :: System.MemAccess failed: ('no debugging device attached', 'command: ', b'System.MemAccess CPU')
CMD :: Data.LOAD.auto "C:/ProjectCode/NDNC-LOCAL8155_R4-UQB26C-20260423-152_scc_debug/Output_GM_VCUPLUS_APP_TC397X_debug/GM_VCUPLUS_ND_withPP.s19" /DIFF /SingleLineAdjacent
CMD :: SYStem.Option.RESETMODE PORST

// ERROR :: 脚本异常终止: ('no debugging device attached', 'command: ', b'SYStem.Option.RESETMODE PORST')
