// ===================================================
// TRACE32 Python API Execution Log (Standalone Framework)
// Date: 2026-06-08 19:56:12
// Architecture: TRICORE
// Target Firmware: C:/ProjectCode/VCUPlus/Build/Output_GM_VCUPLUS_APP_TC397X_debug/SoftwarePackets/Hex_Files/GM_VCUPLUS_ND_withPP.hex
// ===================================================

CMD :: SYStem.RESet
CMD :: SYStem.DETECT CPU
CMD :: SYStem.CPU TC397XP
CMD :: DO ~~/demo/tricore/flash/tc39x.cmm CPU=TC397XP PREPAREONLY
CMD :: SYStem.Mode.Down
CMD :: SYStem.Up
CMD :: FLASH.ReProgram ALL
// WARN :: FLASH.ReProgram failed: no such FLASH device
CMD :: DO ~~/demo/tricore/flash/tc39x.cmm CPU=TC397XP
CMD :: FLASH.ReProgram ALL
CMD :: Data.LOAD.auto "C:/ProjectCode/VCUPlus/Build/Output_GM_VCUPLUS_APP_TC397X_debug/SoftwarePackets/Hex_Files/GM_VCUPLUS_ND_withPP.hex"
CMD :: FLASH.ReProgram OFF
CMD :: DO "C:/ProjectCode/Commmon_lautxx/laut-common/Tools/laut-tc3xx-VCUPLUS/ProgramUcbs.cmm" "1" "C:/ProjectCode/VCUPlus/Build/Output_GM_VCUPLUS_APP_TC397X_debug/SoftwarePackets/Hex_Files/GM_VCUPLUS_ND_withPP.hex" "C:/ProjectCode/Commmon_lautxx/laut-common/Tools/laut-tc3xx-VCUPLUS/tc3x7"
CMD :: SYStem.Option.RESETMODE PORST
CMD :: SYStem.RESetTarget
CMD :: SYStem.Up
CMD :: Data.LOAD.Elf "C:/ProjectCode/VCUPlus/Build/Output_GM_VCUPLUS_APP_TC397X_debug/SoftwarePackets/Hex_Files/GM_VCUPLUS.out" /NoCODE
CMD :: SYStem.Option DUALPORT ON
CMD :: Go
// WARN :: slow-sample Register(PC) access failed at second 10: access time-out, core running
