// ===================================================
// TRACE32 Python API Execution Log (Standalone Framework)
// Date: 2026-06-11 21:41:38
// Architecture: TRICORE
// Target Firmware: C:/ProjectCode/NDNC-LOCAL8155_R4-UQB26C-20260423-152_scc_debug/Output_GM_VCUPLUS_APP_TC397X_debug/GM_VCUPLUS_ND_withPP.s19
// Project: VCUPLUS
// Firmware Version: [APP] | ID=0x01C9C380 | Version=""MAA.RRR.S.BB""
// ===================================================

CMD :: SYStem.RESet
CMD :: SYStem.DETECT CPU
CMD :: SYStem.CPU TC397XP
CMD :: DO "C:/ProjectCode/Commmon_lautxx/laut-common/Tools/laut-tc3xx-VCUPLUS/tc3x7/TargetAutoDetect.cmm" CPU=TC397XP
// INFO :: demo flash script ~~/demo/tricore/flash/tc39x.cmm exists: True
CMD :: DO "~~/demo/tricore/flash/tc39x.cmm" CPU=TC397XP PREPAREONLY
// INFO :: Skipped redundant FLASH probe commands to match original tc39x.cmm
CMD :: SYStem.Mode.Down
CMD :: SYStem.CONFIG DEBUGPORTTYPE DAP2
CMD :: SYStem.JtagClock 30.MHz
CMD :: SYStem.Mode.Up
CMD :: System.MemAccess CPU
CMD :: Data.LOAD.auto "C:/ProjectCode/NDNC-LOCAL8155_R4-UQB26C-20260423-152_scc_debug/Output_GM_VCUPLUS_APP_TC397X_debug/GM_VCUPLUS_ND_withPP.s19" /DIFF /SingleLineAdjacent
CMD :: SYStem.Option.RESETMODE PORST
CMD :: SYStem.RESetTarget
CMD :: SYStem.Up
CMD :: AREA.SAVE A000 "C:/Users/UZE6SZH/AppData/Local/Temp/t32_area_A000_after_reset_1781185312.txt"
// AREA RAW [after_reset] (AREA.SAVE method)
// AREA DUMP [after_reset] start
// AREA [A000] content:
TC399X detected
no port sharing detected: nBGRANT asserted although nBREQ is released
TC397XP detected
no port sharing detected: nBGRANT asserted although nBREQ is released
TC399X detected
no port sharing detected: nBGRANT asserted although nBREQ is released
TC397XP detected
no port sharing detected: nBGRANT asserted although nBREQ is released
Identified CPU = TC397XP with 6. cores
loading S3Record
file 'C:\ProjectCode\NDNC-LOCAL8155_R4-UQB26C-20260423-152_scc_debug\Output_GM_VCUPLUS_APP_TC397X_debug\GM_VCUPLUS_ND_withPP.s19' (S3Record) loaded.
target reset
file 'C:\ProjectCode\NDNC-LOCAL8155_R4-UQB26C-20260423-152_scc_debug\Output_GM_VCUPLUS_APP_TC397X_debug\GM_VCUPLUS.out' (ELF/DWARF2) loaded.
TC399X detected
no port sharing detected: nBGRANT asserted although nBREQ is released
TC397XP detected
no port sharing detected: nBGRANT asserted although nBREQ is released
TC399X detected
no port sharing detected: nBGRANT asserted although nBREQ is released
TC397XP detected
no port sharing detected: nBGRANT asserted although nBREQ is released
Identified CPU = TC397XP with 6. cores
loading S3Record
file 'C:\ProjectCode\NDNC-LOCAL8155_R4-UQB26C-20260423-152_scc_debug\Output_GM_VCUPLUS_APP_TC397X_debug\GM_VCUPLUS_ND_withPP.s19' (S3Record) loaded.
target reset

// AREA DUMP [after_reset] end
CMD :: Data.LOAD.Elf "C:/ProjectCode/NDNC-LOCAL8155_R4-UQB26C-20260423-152_scc_debug/Output_GM_VCUPLUS_APP_TC397X_debug/GM_VCUPLUS.out" /NoCODE
CMD :: SYStem.Option DUALPORT ON
CMD :: Go
// INFO :: Stability monitoring started, duration=180s
// STABILITY :: initial check -> RUNNING
// STABILITY :: OK second=1 RUN=True
// STABILITY :: OK second=2 RUN=True
// STABILITY :: OK second=3 RUN=True
// STABILITY :: OK second=4 RUN=True
// STABILITY :: OK second=5 RUN=True
// STABILITY :: OK second=6 RUN=True
// STABILITY :: OK second=7 RUN=True
// STABILITY :: OK second=8 RUN=True
// STABILITY :: OK second=9 RUN=True
// STABILITY :: OK second=10 RUN=True
// INFO :: heartbeat 10/180
// STABILITY :: OK second=11 RUN=True
// STABILITY :: OK second=12 RUN=True
// STABILITY :: OK second=13 RUN=True
// STABILITY :: OK second=14 RUN=True
// STABILITY :: OK second=15 RUN=True
// STABILITY :: OK second=16 RUN=True
// STABILITY :: OK second=17 RUN=True
// STABILITY :: OK second=18 RUN=True
// STABILITY :: OK second=19 RUN=True
// STABILITY :: OK second=20 RUN=True
// INFO :: heartbeat 20/180
// STABILITY :: OK second=21 RUN=True
// STABILITY :: OK second=22 RUN=True
// STABILITY :: OK second=23 RUN=True
// STABILITY :: OK second=24 RUN=True
// STABILITY :: OK second=25 RUN=True
// STABILITY :: OK second=26 RUN=True
// STABILITY :: OK second=27 RUN=True
// STABILITY :: OK second=28 RUN=True
// STABILITY :: OK second=29 RUN=True
// STABILITY :: OK second=30 RUN=True
// INFO :: heartbeat 30/180
// STABILITY :: OK second=31 RUN=True
// STABILITY :: OK second=32 RUN=True
// STABILITY :: OK second=33 RUN=True
// STABILITY :: OK second=34 RUN=True
// STABILITY :: OK second=35 RUN=True
// STABILITY :: FAIL second=36 RUN=False PC=未知
