// ===================================================
// TRACE32 Python API Execution Log (Standalone Framework)
// Date: 2026-06-08 19:39:35
// Architecture: TRICORE
// Target Firmware: C:/ProjectCode/VCUPlus/Build/Output_GM_VCUPLUS_APP_TC397X_debug/SoftwarePackets/Hex_Files/GM_VCUPLUS_ND_withPP.hex
// ===================================================

CMD :: SYStem.RESet
CMD :: SYStem.DETECT CPU
CMD :: SYStem.CPU TC397XP
CMD :: DO ~~/demo/tricore/flash/tc39x.cmm CPU=TC397XP PREPAREONLY
CMD :: SYStem.Mode.Down
CMD :: SYStem.Up
CMD :: Data.LOAD.auto "C:/ProjectCode/VCUPlus/Build/Output_GM_VCUPLUS_APP_TC397X_debug/SoftwarePackets/Hex_Files/GM_VCUPLUS_ND_withPP.hex" /DIFF /SingleLineAdjacent
CMD :: SYStem.Option.RESETMODE PORST
CMD :: SYStem.RESetTarget
CMD :: SYStem.Up
CMD :: Data.LOAD.Elf "C:/ProjectCode/VCUPlus/Build/Output_GM_VCUPLUS_APP_TC397X_debug/SoftwarePackets/Hex_Files/GM_VCUPLUS.out" /NoCODE
CMD :: SYStem.Option DUALPORT ON
CMD :: Go

// ERROR :: 脚本异常终止: access time-out, core running
CMD :: QUIT
