// ===================================================
// TRACE32 Python API Execution Log (Standalone Framework)
// Date: 2026-06-08 19:48:24
// Architecture: TRICORE
// Target Firmware: C:/ProjectCode/VCUPlus/Build/Output_GM_VCUPLUS_APP_TC397X_debug/SoftwarePackets/Hex_Files/GM_VCUPLUS_ND_withPP.hex
// ===================================================

CMD :: SYStem.RESet
CMD :: SYStem.DETECT CPU
CMD :: SYStem.CPU TC397XP
CMD :: DO ~~/demo/tricore/flash/tc39x.cmm CPU=TC397XP PREPAREONLY
CMD :: SYStem.Mode.Down
CMD :: SYStem.Up
CMD :: Data.LOAD.auto "C:/ProjectCode/VCUPlus/Build/Output_GM_VCUPLUS_APP_TC397X_debug/SoftwarePackets/Hex_Files/GM_VCUPLUS_ND_withPP.hex" /DIFF /SingleLineAdjacent
CMD :: SYStem.Option.RESETMODE PORST
CMD :: SYStem.RESetTarget
CMD :: SYStem.Up
CMD :: Data.LOAD.Elf "C:/ProjectCode/VCUPlus/Build/Output_GM_VCUPLUS_APP_TC397X_debug/SoftwarePackets/Hex_Files/GM_VCUPLUS.out" /NoCODE
CMD :: SYStem.Option DUALPORT ON
CMD :: Go
// WARN :: slow-sample Register(PC) access failed at second 10: access time-out, core running
// WARN :: slow-sample Register(PC) access failed at second 20: access time-out, core running
// WARN :: slow-sample Register(PC) access failed at second 30: access time-out, core running
// WARN :: slow-sample Register(PC) access failed at second 40: access time-out, core running
// WARN :: slow-sample Register(PC) access failed at second 50: access time-out, core running
// WARN :: slow-sample Register(PC) access failed at second 60: access time-out, core running
// WARN :: slow-sample Register(PC) access failed at second 70: access time-out, core running
// WARN :: slow-sample Register(PC) access failed at second 80: access time-out, core running
// WARN :: slow-sample Register(PC) access failed at second 90: access time-out, core running
// WARN :: slow-sample Register(PC) access failed at second 100: access time-out, core running
// WARN :: slow-sample Register(PC) access failed at second 110: access time-out, core running
// WARN :: slow-sample Register(PC) access failed at second 120: access time-out, core running
// WARN :: slow-sample Register(PC) access failed at second 130: access time-out, core running
// WARN :: slow-sample Register(PC) access failed at second 140: access time-out, core running
// WARN :: slow-sample Register(PC) access failed at second 150: access time-out, core running
// WARN :: slow-sample Register(PC) access failed at second 160: access time-out, core running
// WARN :: slow-sample Register(PC) access failed at second 170: access time-out, core running
// WARN :: slow-sample Register(PC) access failed at second 180: access time-out, core running
CMD :: QUIT
